<?xml version="1.0" encoding="UTF-8"?>
<coverage generated="1781133146137" clover="3.2.0">
  <project timestamp="1781133146137" name="All files">
    <metrics statements="1384" coveredstatements="1329" conditionals="260" coveredconditionals="219" methods="45" coveredmethods="40" elements="1689" coveredelements="1588" complexity="0" loc="1384" ncloc="1384" packages="10" files="11" classes="11"/>
    <package name="src">
      <metrics statements="82" coveredstatements="78" conditionals="22" coveredconditionals="15" methods="1" coveredmethods="1"/>
      <file name="App.jsx" path="C:\Users\pipeq\Desktop\Proyecto-SmartLogix-React\src\App.jsx">
        <metrics statements="82" coveredstatements="78" conditionals="22" coveredconditionals="15" methods="1" coveredmethods="1"/>
        <line num="1" count="1" type="stmt"/>
        <line num="2" count="1" type="stmt"/>
        <line num="3" count="1" type="stmt"/>
        <line num="4" count="1" type="stmt"/>
        <line num="5" count="1" type="stmt"/>
        <line num="6" count="1" type="stmt"/>
        <line num="7" count="1" type="stmt"/>
        <line num="8" count="1" type="stmt"/>
        <line num="9" count="1" type="stmt"/>
        <line num="10" count="1" type="cond" truecount="1" falsecount="0"/>
        <line num="11" count="36" type="stmt"/>
        <line num="12" count="36" type="stmt"/>
        <line num="13" count="36" type="stmt"/>
        <line num="14" count="36" type="cond" truecount="1" falsecount="0"/>
        <line num="15" count="17" type="stmt"/>
        <line num="16" count="36" type="stmt"/>
        <line num="17" count="36" type="stmt"/>
        <line num="18" count="36" type="cond" truecount="1" falsecount="0"/>
        <line num="19" count="17" type="cond" truecount="1" falsecount="0"/>
        <line num="20" count="17" type="stmt"/>
        <line num="21" count="17" type="stmt"/>
        <line num="22" count="17" type="cond" truecount="2" falsecount="0"/>
        <line num="23" count="3" type="stmt"/>
        <line num="24" count="3" type="stmt"/>
        <line num="25" count="3" type="stmt"/>
        <line num="26" count="3" type="stmt"/>
        <line num="27" count="3" type="stmt"/>
        <line num="28" count="3" type="stmt"/>
        <line num="29" count="3" type="stmt"/>
        <line num="30" count="3" type="stmt"/>
        <line num="31" count="17" type="cond" truecount="1" falsecount="0"/>
        <line num="32" count="2" type="stmt"/>
        <line num="33" count="2" type="cond" truecount="0" falsecount="3"/>
        <line num="34" count="2" type="stmt"/>
        <line num="35" count="17" type="stmt"/>
        <line num="36" count="17" type="cond" truecount="0" falsecount="1"/>
        <line num="37" count="0" type="stmt"/>
        <line num="38" count="0" type="stmt"/>
        <line num="39" count="17" type="stmt"/>
        <line num="40" count="36" type="stmt"/>
        <line num="41" count="36" type="stmt"/>
        <line num="42" count="36" type="stmt"/>
        <line num="43" count="36" type="cond" truecount="1" falsecount="0"/>
        <line num="44" count="12" type="stmt"/>
        <line num="45" count="12" type="stmt"/>
        <line num="46" count="36" type="stmt"/>
        <line num="47" count="36" type="stmt"/>
        <line num="48" count="36" type="stmt"/>
        <line num="49" count="36" type="cond" truecount="1" falsecount="0"/>
        <line num="50" count="5" type="cond" truecount="1" falsecount="0"/>
        <line num="51" count="3" type="stmt"/>
        <line num="52" count="3" type="stmt"/>
        <line num="53" count="3" type="stmt"/>
        <line num="54" count="3" type="stmt"/>
        <line num="55" count="3" type="stmt"/>
        <line num="56" count="3" type="stmt"/>
        <line num="57" count="3" type="cond" truecount="0" falsecount="1"/>
        <line num="58" count="0" type="stmt"/>
        <line num="59" count="0" type="stmt"/>
        <line num="60" count="3" type="stmt"/>
        <line num="61" count="3" type="stmt"/>
        <line num="62" count="5" type="cond" truecount="1" falsecount="0"/>
        <line num="63" count="2" type="stmt"/>
        <line num="64" count="2" type="stmt"/>
        <line num="65" count="36" type="stmt"/>
        <line num="66" count="36" type="stmt"/>
        <line num="67" count="36" type="stmt"/>
        <line num="68" count="36" type="cond" truecount="1" falsecount="0"/>
        <line num="69" count="20" type="stmt"/>
        <line num="70" count="20" type="cond" truecount="1" falsecount="0"/>
        <line num="71" count="16" type="stmt"/>
        <line num="72" count="16" type="stmt"/>
        <line num="73" count="16" type="stmt"/>
        <line num="74" count="16" type="stmt"/>
        <line num="75" count="36" type="cond" truecount="1" falsecount="0"/>
        <line num="76" count="36" type="cond" truecount="1" falsecount="0"/>
        <line num="77" count="36" type="cond" truecount="0" falsecount="2"/>
        <line num="78" count="36" type="stmt"/>
        <line num="79" count="36" type="stmt"/>
        <line num="80" count="36" type="stmt"/>
        <line num="81" count="1" type="stmt"/>
        <line num="82" count="1" type="stmt"/>
      </file>
    </package>
    <package name="src.core.hooks">
      <metrics statements="40" coveredstatements="38" conditionals="5" coveredconditionals="4" methods="1" coveredmethods="1"/>
      <file name="useMockApi.js" path="C:\Users\pipeq\Desktop\Proyecto-SmartLogix-React\src\core\hooks\useMockApi.js">
        <metrics statements="40" coveredstatements="38" conditionals="5" coveredconditionals="4" methods="1" coveredmethods="1"/>
        <line num="1" count="1" type="stmt"/>
        <line num="2" count="1" type="stmt"/>
        <line num="3" count="1" type="stmt"/>
        <line num="4" count="1" type="cond" truecount="1" falsecount="0"/>
        <line num="5" count="6" type="stmt"/>
        <line num="6" count="6" type="stmt"/>
        <line num="7" count="6" type="stmt"/>
        <line num="8" count="6" type="stmt"/>
        <line num="9" count="6" type="cond" truecount="1" falsecount="0"/>
        <line num="10" count="2" type="stmt"/>
        <line num="11" count="2" type="stmt"/>
        <line num="12" count="2" type="stmt"/>
        <line num="13" count="2" type="stmt"/>
        <line num="14" count="2" type="stmt"/>
        <line num="15" count="2" type="cond" truecount="1" falsecount="0"/>
        <line num="16" count="1" type="stmt"/>
        <line num="17" count="2" type="stmt"/>
        <line num="18" count="2" type="stmt"/>
        <line num="19" count="2" type="stmt"/>
        <line num="20" count="6" type="stmt"/>
        <line num="21" count="6" type="cond" truecount="1" falsecount="0"/>
        <line num="22" count="1" type="stmt"/>
        <line num="23" count="1" type="stmt"/>
        <line num="24" count="1" type="stmt"/>
        <line num="25" count="1" type="stmt"/>
        <line num="26" count="1" type="stmt"/>
        <line num="27" count="1" type="stmt"/>
        <line num="28" count="1" type="stmt"/>
        <line num="29" count="1" type="stmt"/>
        <line num="30" count="1" type="stmt"/>
        <line num="31" count="1" type="cond" truecount="0" falsecount="1"/>
        <line num="32" count="0" type="stmt"/>
        <line num="33" count="0" type="stmt"/>
        <line num="34" count="1" type="stmt"/>
        <line num="35" count="1" type="stmt"/>
        <line num="36" count="1" type="stmt"/>
        <line num="37" count="6" type="stmt"/>
        <line num="38" count="6" type="stmt"/>
        <line num="39" count="6" type="stmt"/>
        <line num="40" count="6" type="stmt"/>
      </file>
    </package>
    <package name="src.core.services">
      <metrics statements="32" coveredstatements="32" conditionals="3" coveredconditionals="3" methods="2" coveredmethods="2"/>
      <file name="authService.js" path="C:\Users\pipeq\Desktop\Proyecto-SmartLogix-React\src\core\services\authService.js">
        <metrics statements="32" coveredstatements="32" conditionals="3" coveredconditionals="3" methods="2" coveredmethods="2"/>
        <line num="1" count="1" type="stmt"/>
        <line num="2" count="1" type="stmt"/>
        <line num="3" count="1" type="cond" truecount="1" falsecount="0"/>
        <line num="4" count="2" type="stmt"/>
        <line num="5" count="2" type="stmt"/>
        <line num="6" count="2" type="stmt"/>
        <line num="7" count="2" type="stmt"/>
        <line num="8" count="2" type="stmt"/>
        <line num="9" count="2" type="stmt"/>
        <line num="10" count="2" type="stmt"/>
        <line num="11" count="2" type="stmt"/>
        <line num="12" count="2" type="stmt"/>
        <line num="13" count="2" type="cond" truecount="1" falsecount="0"/>
        <line num="14" count="1" type="stmt"/>
        <line num="15" count="1" type="stmt"/>
        <line num="16" count="1" type="stmt"/>
        <line num="17" count="1" type="stmt"/>
        <line num="18" count="1" type="stmt"/>
        <line num="19" count="1" type="stmt"/>
        <line num="20" count="1" type="stmt"/>
        <line num="21" count="1" type="stmt"/>
        <line num="22" count="1" type="stmt"/>
        <line num="23" count="1" type="stmt"/>
        <line num="24" count="1" type="stmt"/>
        <line num="25" count="1" type="stmt"/>
        <line num="26" count="1" type="stmt"/>
        <line num="27" count="1" type="stmt"/>
        <line num="28" count="2" type="stmt"/>
        <line num="29" count="1" type="stmt"/>
        <line num="30" count="1" type="cond" truecount="1" falsecount="0"/>
        <line num="31" count="1" type="stmt"/>
        <line num="32" count="1" type="stmt"/>
      </file>
    </package>
    <package name="src.core.storage">
      <metrics statements="29" coveredstatements="29" conditionals="4" coveredconditionals="4" methods="3" coveredmethods="3"/>
      <file name="mockDatabase.js" path="C:\Users\pipeq\Desktop\Proyecto-SmartLogix-React\src\core\storage\mockDatabase.js">
        <metrics statements="29" coveredstatements="29" conditionals="4" coveredconditionals="4" methods="3" coveredmethods="3"/>
        <line num="1" count="1" type="stmt"/>
        <line num="2" count="1" type="stmt"/>
        <line num="3" count="1" type="stmt"/>
        <line num="4" count="1" type="stmt"/>
        <line num="5" count="1" type="stmt"/>
        <line num="6" count="1" type="stmt"/>
        <line num="7" count="1" type="stmt"/>
        <line num="8" count="1" type="stmt"/>
        <line num="9" count="1" type="stmt"/>
        <line num="10" count="1" type="stmt"/>
        <line num="11" count="1" type="stmt"/>
        <line num="12" count="1" type="stmt"/>
        <line num="13" count="1" type="cond" truecount="1" falsecount="0"/>
        <line num="14" count="3" type="stmt"/>
        <line num="15" count="3" type="stmt"/>
        <line num="16" count="3" type="stmt"/>
        <line num="17" count="3" type="stmt"/>
        <line num="18" count="1" type="stmt"/>
        <line num="19" count="1" type="cond" truecount="1" falsecount="0"/>
        <line num="20" count="3" type="stmt"/>
        <line num="21" count="3" type="cond" truecount="1" falsecount="0"/>
        <line num="22" count="3" type="stmt"/>
        <line num="23" count="1" type="stmt"/>
        <line num="24" count="1" type="stmt"/>
        <line num="25" count="1" type="cond" truecount="1" falsecount="0"/>
        <line num="26" count="1" type="stmt"/>
        <line num="27" count="1" type="stmt"/>
        <line num="28" count="1" type="stmt"/>
        <line num="29" count="1" type="stmt"/>
      </file>
    </package>
    <package name="src.modules.auth">
      <metrics statements="102" coveredstatements="102" conditionals="16" coveredconditionals="16" methods="1" coveredmethods="1"/>
      <file name="LoginForm.jsx" path="C:\Users\pipeq\Desktop\Proyecto-SmartLogix-React\src\modules\auth\LoginForm.jsx">
        <metrics statements="102" coveredstatements="102" conditionals="16" coveredconditionals="16" methods="1" coveredmethods="1"/>
        <line num="1" count="1" type="stmt"/>
        <line num="2" count="1" type="stmt"/>
        <line num="3" count="1" type="stmt"/>
        <line num="4" count="1" type="stmt"/>
        <line num="5" count="1" type="cond" truecount="1" falsecount="0"/>
        <line num="6" count="745" type="stmt"/>
        <line num="7" count="745" type="stmt"/>
        <line num="8" count="745" type="stmt"/>
        <line num="9" count="745" type="stmt"/>
        <line num="10" count="745" type="cond" truecount="1" falsecount="0"/>
        <line num="11" count="669" type="stmt"/>
        <line num="12" count="669" type="cond" truecount="1" falsecount="0"/>
        <line num="13" count="745" type="stmt"/>
        <line num="14" count="745" type="stmt"/>
        <line num="15" count="745" type="cond" truecount="1" falsecount="0"/>
        <line num="16" count="25" type="stmt"/>
        <line num="17" count="25" type="stmt"/>
        <line num="18" count="25" type="stmt"/>
        <line num="19" count="25" type="stmt"/>
        <line num="20" count="25" type="stmt"/>
        <line num="21" count="25" type="stmt"/>
        <line num="22" count="25" type="stmt"/>
        <line num="23" count="25" type="stmt"/>
        <line num="24" count="25" type="stmt"/>
        <line num="25" count="25" type="stmt"/>
        <line num="26" count="25" type="stmt"/>
        <line num="27" count="25" type="cond" truecount="1" falsecount="0"/>
        <line num="28" count="23" type="stmt"/>
        <line num="29" count="25" type="cond" truecount="2" falsecount="0"/>
        <line num="30" count="6" type="stmt"/>
        <line num="31" count="6" type="cond" truecount="1" falsecount="0"/>
        <line num="32" count="17" type="stmt"/>
        <line num="33" count="17" type="stmt"/>
        <line num="34" count="25" type="cond" truecount="2" falsecount="0"/>
        <line num="35" count="17" type="stmt"/>
        <line num="36" count="17" type="stmt"/>
        <line num="37" count="17" type="stmt"/>
        <line num="38" count="17" type="stmt"/>
        <line num="39" count="17" type="stmt"/>
        <line num="40" count="17" type="stmt"/>
        <line num="41" count="23" type="cond" truecount="1" falsecount="0"/>
        <line num="42" count="8" type="cond" truecount="1" falsecount="0"/>
        <line num="43" count="6" type="stmt"/>
        <line num="44" count="8" type="cond" truecount="1" falsecount="0"/>
        <line num="45" count="2" type="stmt"/>
        <line num="46" count="2" type="stmt"/>
        <line num="47" count="25" type="stmt"/>
        <line num="48" count="25" type="stmt"/>
        <line num="49" count="25" type="stmt"/>
        <line num="50" count="745" type="stmt"/>
        <line num="51" count="745" type="stmt"/>
        <line num="52" count="745" type="stmt"/>
        <line num="53" count="745" type="stmt"/>
        <line num="54" count="745" type="stmt"/>
        <line num="55" count="745" type="stmt"/>
        <line num="56" count="745" type="stmt"/>
        <line num="57" count="745" type="cond" truecount="1" falsecount="0"/>
        <line num="58" count="28" type="stmt"/>
        <line num="59" count="28" type="stmt"/>
        <line num="60" count="28" type="stmt"/>
        <line num="61" count="745" type="stmt"/>
        <line num="62" count="745" type="stmt"/>
        <line num="63" count="745" type="stmt"/>
        <line num="64" count="745" type="stmt"/>
        <line num="65" count="745" type="stmt"/>
        <line num="66" count="745" type="stmt"/>
        <line num="67" count="745" type="stmt"/>
        <line num="68" count="745" type="stmt"/>
        <line num="69" count="745" type="stmt"/>
        <line num="70" count="745" type="stmt"/>
        <line num="71" count="745" type="stmt"/>
        <line num="72" count="745" type="stmt"/>
        <line num="73" count="745" type="stmt"/>
        <line num="74" count="745" type="stmt"/>
        <line num="75" count="745" type="stmt"/>
        <line num="76" count="745" type="stmt"/>
        <line num="77" count="745" type="stmt"/>
        <line num="78" count="745" type="stmt"/>
        <line num="79" count="745" type="stmt"/>
        <line num="80" count="745" type="stmt"/>
        <line num="81" count="745" type="stmt"/>
        <line num="82" count="745" type="stmt"/>
        <line num="83" count="745" type="stmt"/>
        <line num="84" count="745" type="stmt"/>
        <line num="85" count="745" type="stmt"/>
        <line num="86" count="745" type="stmt"/>
        <line num="87" count="745" type="stmt"/>
        <line num="88" count="745" type="stmt"/>
        <line num="89" count="745" type="stmt"/>
        <line num="90" count="745" type="stmt"/>
        <line num="91" count="745" type="stmt"/>
        <line num="92" count="745" type="cond" truecount="2" falsecount="0"/>
        <line num="93" count="745" type="stmt"/>
        <line num="94" count="745" type="stmt"/>
        <line num="95" count="745" type="stmt"/>
        <line num="96" count="745" type="stmt"/>
        <line num="97" count="745" type="stmt"/>
        <line num="98" count="745" type="stmt"/>
        <line num="99" count="745" type="stmt"/>
        <line num="100" count="745" type="stmt"/>
        <line num="101" count="1" type="stmt"/>
        <line num="102" count="1" type="stmt"/>
      </file>
    </package>
    <package name="src.modules.inventory">
      <metrics statements="283" coveredstatements="280" conditionals="59" coveredconditionals="56" methods="8" coveredmethods="8"/>
      <file name="InventoryView.jsx" path="C:\Users\pipeq\Desktop\Proyecto-SmartLogix-React\src\modules\inventory\InventoryView.jsx">
        <metrics statements="283" coveredstatements="280" conditionals="59" coveredconditionals="56" methods="8" coveredmethods="8"/>
        <line num="1" count="1" type="stmt"/>
        <line num="2" count="1" type="stmt"/>
        <line num="3" count="1" type="stmt"/>
        <line num="4" count="1" type="stmt"/>
        <line num="5" count="1" type="stmt"/>
        <line num="6" count="1" type="stmt"/>
        <line num="7" count="1" type="stmt"/>
        <line num="8" count="1" type="cond" truecount="1" falsecount="0"/>
        <line num="9" count="1" type="stmt"/>
        <line num="10" count="0" type="cond" truecount="0" falsecount="1"/>
        <line num="11" count="1" type="stmt"/>
        <line num="12" count="1" type="cond" truecount="1" falsecount="0"/>
        <line num="13" count="334" type="stmt"/>
        <line num="14" count="334" type="stmt"/>
        <line num="15" count="334" type="stmt"/>
        <line num="16" count="334" type="stmt"/>
        <line num="17" count="334" type="stmt"/>
        <line num="18" count="334" type="stmt"/>
        <line num="19" count="334" type="stmt"/>
        <line num="20" count="334" type="stmt"/>
        <line num="21" count="334" type="stmt"/>
        <line num="22" count="334" type="stmt"/>
        <line num="23" count="334" type="stmt"/>
        <line num="24" count="334" type="cond" truecount="1" falsecount="0"/>
        <line num="25" count="54" type="stmt"/>
        <line num="26" count="54" type="stmt"/>
        <line num="27" count="54" type="stmt"/>
        <line num="28" count="54" type="stmt"/>
        <line num="29" count="54" type="stmt"/>
        <line num="30" count="54" type="stmt"/>
        <line num="31" count="54" type="stmt"/>
        <line num="32" count="54" type="stmt"/>
        <line num="33" count="54" type="stmt"/>
        <line num="34" count="54" type="cond" truecount="1" falsecount="0"/>
        <line num="35" count="33" type="stmt"/>
        <line num="36" count="33" type="stmt"/>
        <line num="37" count="54" type="stmt"/>
        <line num="38" count="54" type="stmt"/>
        <line num="39" count="54" type="stmt"/>
        <line num="40" count="54" type="stmt"/>
        <line num="41" count="54" type="cond" truecount="1" falsecount="0"/>
        <line num="42" count="52" type="stmt"/>
        <line num="43" count="54" type="cond" truecount="1" falsecount="0"/>
        <line num="44" count="2" type="stmt"/>
        <line num="45" count="2" type="cond" truecount="1" falsecount="0"/>
        <line num="46" count="50" type="stmt"/>
        <line num="47" count="50" type="cond" truecount="1" falsecount="0"/>
        <line num="48" count="49" type="cond" truecount="1" falsecount="0"/>
        <line num="49" count="49" type="stmt"/>
        <line num="50" count="54" type="cond" truecount="1" falsecount="0"/>
        <line num="51" count="19" type="stmt"/>
        <line num="52" count="19" type="stmt"/>
        <line num="53" count="54" type="stmt"/>
        <line num="54" count="54" type="stmt"/>
        <line num="55" count="54" type="stmt"/>
        <line num="56" count="54" type="stmt"/>
        <line num="57" count="334" type="stmt"/>
        <line num="58" count="334" type="cond" truecount="1" falsecount="0"/>
        <line num="59" count="45" type="stmt"/>
        <line num="60" count="334" type="stmt"/>
        <line num="61" count="334" type="stmt"/>
        <line num="62" count="334" type="cond" truecount="1" falsecount="0"/>
        <line num="63" count="169" type="stmt"/>
        <line num="64" count="169" type="cond" truecount="1" falsecount="0"/>
        <line num="65" count="169" type="stmt"/>
        <line num="66" count="169" type="stmt"/>
        <line num="67" count="169" type="stmt"/>
        <line num="68" count="169" type="stmt"/>
        <line num="69" count="334" type="stmt"/>
        <line num="70" count="334" type="cond" truecount="1" falsecount="0"/>
        <line num="71" count="5" type="stmt"/>
        <line num="72" count="5" type="stmt"/>
        <line num="73" count="5" type="stmt"/>
        <line num="74" count="5" type="stmt"/>
        <line num="75" count="5" type="stmt"/>
        <line num="76" count="5" type="stmt"/>
        <line num="77" count="5" type="stmt"/>
        <line num="78" count="5" type="stmt"/>
        <line num="79" count="5" type="cond" truecount="0" falsecount="1"/>
        <line num="80" count="0" type="stmt"/>
        <line num="81" count="0" type="stmt"/>
        <line num="82" count="5" type="stmt"/>
        <line num="83" count="334" type="stmt"/>
        <line num="84" count="334" type="cond" truecount="1" falsecount="0"/>
        <line num="85" count="15" type="cond" truecount="1" falsecount="0"/>
        <line num="86" count="1" type="stmt"/>
        <line num="87" count="1" type="stmt"/>
        <line num="88" count="1" type="stmt"/>
        <line num="89" count="15" type="cond" truecount="1" falsecount="0"/>
        <line num="90" count="14" type="stmt"/>
        <line num="91" count="14" type="stmt"/>
        <line num="92" count="15" type="stmt"/>
        <line num="93" count="334" type="stmt"/>
        <line num="94" count="334" type="cond" truecount="1" falsecount="0"/>
        <line num="95" count="15" type="stmt"/>
        <line num="96" count="15" type="stmt"/>
        <line num="97" count="15" type="cond" truecount="3" falsecount="0"/>
        <line num="98" count="5" type="stmt"/>
        <line num="99" count="5" type="stmt"/>
        <line num="100" count="5" type="stmt"/>
        <line num="101" count="10" type="stmt"/>
        <line num="102" count="10" type="stmt"/>
        <line num="103" count="10" type="stmt"/>
        <line num="104" count="10" type="stmt"/>
        <line num="105" count="10" type="stmt"/>
        <line num="106" count="10" type="stmt"/>
        <line num="107" count="10" type="stmt"/>
        <line num="108" count="10" type="stmt"/>
        <line num="109" count="10" type="stmt"/>
        <line num="110" count="10" type="stmt"/>
        <line num="111" count="10" type="stmt"/>
        <line num="112" count="10" type="stmt"/>
        <line num="113" count="10" type="stmt"/>
        <line num="114" count="10" type="stmt"/>
        <line num="115" count="10" type="stmt"/>
        <line num="116" count="10" type="stmt"/>
        <line num="117" count="10" type="stmt"/>
        <line num="118" count="10" type="stmt"/>
        <line num="119" count="10" type="stmt"/>
        <line num="120" count="10" type="stmt"/>
        <line num="121" count="10" type="stmt"/>
        <line num="122" count="10" type="cond" truecount="1" falsecount="0"/>
        <line num="123" count="2" type="cond" truecount="1" falsecount="0"/>
        <line num="124" count="8" type="stmt"/>
        <line num="125" count="15" type="stmt"/>
        <line num="126" count="15" type="cond" truecount="2" falsecount="0"/>
        <line num="127" count="15" type="stmt"/>
        <line num="128" count="15" type="stmt"/>
        <line num="129" count="15" type="stmt"/>
        <line num="130" count="15" type="stmt"/>
        <line num="131" count="15" type="stmt"/>
        <line num="132" count="15" type="cond" truecount="1" falsecount="0"/>
        <line num="133" count="10" type="stmt"/>
        <line num="134" count="15" type="cond" truecount="1" falsecount="0"/>
        <line num="135" count="1" type="cond" truecount="0" falsecount="1"/>
        <line num="136" count="1" type="cond" truecount="1" falsecount="0"/>
        <line num="137" count="9" type="stmt"/>
        <line num="138" count="9" type="stmt"/>
        <line num="139" count="9" type="stmt"/>
        <line num="140" count="9" type="stmt"/>
        <line num="141" count="9" type="stmt"/>
        <line num="142" count="9" type="stmt"/>
        <line num="143" count="15" type="cond" truecount="1" falsecount="0"/>
        <line num="144" count="1" type="stmt"/>
        <line num="145" count="1" type="stmt"/>
        <line num="146" count="1" type="stmt"/>
        <line num="147" count="15" type="stmt"/>
        <line num="148" count="334" type="stmt"/>
        <line num="149" count="334" type="cond" truecount="1" falsecount="0"/>
        <line num="150" count="78" type="cond" truecount="2" falsecount="0"/>
        <line num="151" count="66" type="stmt"/>
        <line num="152" count="66" type="stmt"/>
        <line num="153" count="66" type="stmt"/>
        <line num="154" count="66" type="stmt"/>
        <line num="155" count="66" type="stmt"/>
        <line num="156" count="66" type="cond" truecount="1" falsecount="0"/>
        <line num="157" count="12" type="stmt"/>
        <line num="158" count="12" type="stmt"/>
        <line num="159" count="12" type="stmt"/>
        <line num="160" count="12" type="stmt"/>
        <line num="161" count="12" type="stmt"/>
        <line num="162" count="12" type="stmt"/>
        <line num="163" count="12" type="stmt"/>
        <line num="164" count="12" type="stmt"/>
        <line num="165" count="12" type="stmt"/>
        <line num="166" count="12" type="stmt"/>
        <line num="167" count="12" type="stmt"/>
        <line num="168" count="12" type="stmt"/>
        <line num="169" count="12" type="stmt"/>
        <line num="170" count="12" type="stmt"/>
        <line num="171" count="12" type="stmt"/>
        <line num="172" count="12" type="cond" truecount="1" falsecount="0"/>
        <line num="173" count="15" type="stmt"/>
        <line num="174" count="15" type="stmt"/>
        <line num="175" count="15" type="stmt"/>
        <line num="176" count="15" type="stmt"/>
        <line num="177" count="15" type="cond" truecount="2" falsecount="0"/>
        <line num="178" count="15" type="stmt"/>
        <line num="179" count="15" type="stmt"/>
        <line num="180" count="15" type="stmt"/>
        <line num="181" count="15" type="stmt"/>
        <line num="182" count="15" type="stmt"/>
        <line num="183" count="15" type="stmt"/>
        <line num="184" count="15" type="stmt"/>
        <line num="185" count="15" type="cond" truecount="1" falsecount="0"/>
        <line num="186" count="15" type="stmt"/>
        <line num="187" count="15" type="stmt"/>
        <line num="188" count="15" type="stmt"/>
        <line num="189" count="15" type="stmt"/>
        <line num="190" count="15" type="stmt"/>
        <line num="191" count="15" type="stmt"/>
        <line num="192" count="12" type="stmt"/>
        <line num="193" count="12" type="stmt"/>
        <line num="194" count="12" type="stmt"/>
        <line num="195" count="12" type="stmt"/>
        <line num="196" count="78" type="stmt"/>
        <line num="197" count="334" type="stmt"/>
        <line num="198" count="334" type="stmt"/>
        <line num="199" count="334" type="stmt"/>
        <line num="200" count="334" type="stmt"/>
        <line num="201" count="334" type="stmt"/>
        <line num="202" count="334" type="stmt"/>
        <line num="203" count="334" type="stmt"/>
        <line num="204" count="334" type="stmt"/>
        <line num="205" count="334" type="stmt"/>
        <line num="206" count="334" type="cond" truecount="2" falsecount="0"/>
        <line num="207" count="334" type="stmt"/>
        <line num="208" count="334" type="stmt"/>
        <line num="209" count="334" type="stmt"/>
        <line num="210" count="334" type="cond" truecount="1" falsecount="0"/>
        <line num="211" count="334" type="stmt"/>
        <line num="212" count="334" type="cond" truecount="1" falsecount="0"/>
        <line num="213" count="204" type="cond" truecount="2" falsecount="0"/>
        <line num="214" count="204" type="stmt"/>
        <line num="215" count="204" type="stmt"/>
        <line num="216" count="204" type="stmt"/>
        <line num="217" count="204" type="stmt"/>
        <line num="218" count="204" type="stmt"/>
        <line num="219" count="204" type="stmt"/>
        <line num="220" count="204" type="stmt"/>
        <line num="221" count="204" type="stmt"/>
        <line num="222" count="204" type="stmt"/>
        <line num="223" count="204" type="stmt"/>
        <line num="224" count="204" type="stmt"/>
        <line num="225" count="204" type="stmt"/>
        <line num="226" count="204" type="stmt"/>
        <line num="227" count="204" type="stmt"/>
        <line num="228" count="204" type="stmt"/>
        <line num="229" count="204" type="stmt"/>
        <line num="230" count="204" type="stmt"/>
        <line num="231" count="204" type="stmt"/>
        <line num="232" count="204" type="stmt"/>
        <line num="233" count="204" type="cond" truecount="2" falsecount="0"/>
        <line num="234" count="204" type="stmt"/>
        <line num="235" count="204" type="stmt"/>
        <line num="236" count="204" type="stmt"/>
        <line num="237" count="204" type="stmt"/>
        <line num="238" count="204" type="stmt"/>
        <line num="239" count="204" type="cond" truecount="2" falsecount="0"/>
        <line num="240" count="204" type="stmt"/>
        <line num="241" count="204" type="stmt"/>
        <line num="242" count="204" type="stmt"/>
        <line num="243" count="204" type="stmt"/>
        <line num="244" count="204" type="stmt"/>
        <line num="245" count="204" type="cond" truecount="1" falsecount="0"/>
        <line num="246" count="32" type="stmt"/>
        <line num="247" count="32" type="stmt"/>
        <line num="248" count="32" type="stmt"/>
        <line num="249" count="204" type="stmt"/>
        <line num="250" count="204" type="stmt"/>
        <line num="251" count="204" type="stmt"/>
        <line num="252" count="204" type="stmt"/>
        <line num="253" count="204" type="cond" truecount="1" falsecount="0"/>
        <line num="254" count="32" type="stmt"/>
        <line num="255" count="32" type="stmt"/>
        <line num="256" count="32" type="stmt"/>
        <line num="257" count="32" type="stmt"/>
        <line num="258" count="32" type="stmt"/>
        <line num="259" count="32" type="stmt"/>
        <line num="260" count="32" type="stmt"/>
        <line num="261" count="204" type="stmt"/>
        <line num="262" count="204" type="stmt"/>
        <line num="263" count="204" type="cond" truecount="4" falsecount="0"/>
        <line num="264" count="204" type="stmt"/>
        <line num="265" count="204" type="stmt"/>
        <line num="266" count="204" type="stmt"/>
        <line num="267" count="204" type="stmt"/>
        <line num="268" count="334" type="stmt"/>
        <line num="269" count="334" type="stmt"/>
        <line num="270" count="334" type="stmt"/>
        <line num="271" count="334" type="cond" truecount="2" falsecount="0"/>
        <line num="272" count="38" type="stmt"/>
        <line num="273" count="38" type="stmt"/>
        <line num="274" count="38" type="cond" truecount="1" falsecount="0"/>
        <line num="275" count="296" type="stmt"/>
        <line num="276" count="296" type="stmt"/>
        <line num="277" count="334" type="stmt"/>
        <line num="278" count="334" type="stmt"/>
        <line num="279" count="334" type="stmt"/>
        <line num="280" count="334" type="stmt"/>
        <line num="281" count="334" type="stmt"/>
        <line num="282" count="1" type="stmt"/>
        <line num="283" count="1" type="stmt"/>
      </file>
    </package>
    <package name="src.modules.orders">
      <metrics statements="443" coveredstatements="410" conditionals="72" coveredconditionals="60" methods="14" coveredmethods="10"/>
      <file name="OrderView.jsx" path="C:\Users\pipeq\Desktop\Proyecto-SmartLogix-React\src\modules\orders\OrderView.jsx">
        <metrics statements="443" coveredstatements="410" conditionals="72" coveredconditionals="60" methods="14" coveredmethods="10"/>
        <line num="1" count="1" type="stmt"/>
        <line num="2" count="1" type="stmt"/>
        <line num="3" count="1" type="stmt"/>
        <line num="4" count="1" type="stmt"/>
        <line num="5" count="1" type="stmt"/>
        <line num="6" count="1" type="stmt"/>
        <line num="7" count="1" type="stmt"/>
        <line num="8" count="1" type="stmt"/>
        <line num="9" count="1" type="stmt"/>
        <line num="10" count="1" type="stmt"/>
        <line num="11" count="1" type="stmt"/>
        <line num="12" count="1" type="stmt"/>
        <line num="13" count="1" type="stmt"/>
        <line num="14" count="1" type="stmt"/>
        <line num="15" count="1" type="stmt"/>
        <line num="16" count="1" type="cond" truecount="1" falsecount="0"/>
        <line num="17" count="17" type="stmt"/>
        <line num="18" count="17" type="cond" truecount="1" falsecount="0"/>
        <line num="19" count="17" type="cond" truecount="1" falsecount="0"/>
        <line num="20" count="17" type="cond" truecount="1" falsecount="0"/>
        <line num="21" count="17" type="cond" truecount="0" falsecount="1"/>
        <line num="22" count="17" type="cond" truecount="1" falsecount="0"/>
        <line num="23" count="17" type="cond" truecount="0" falsecount="1"/>
        <line num="24" count="17" type="stmt"/>
        <line num="25" count="17" type="stmt"/>
        <line num="26" count="1" type="stmt"/>
        <line num="27" count="1" type="cond" truecount="1" falsecount="0"/>
        <line num="28" count="405" type="stmt"/>
        <line num="29" count="405" type="stmt"/>
        <line num="30" count="405" type="stmt"/>
        <line num="31" count="405" type="stmt"/>
        <line num="32" count="405" type="stmt"/>
        <line num="33" count="405" type="stmt"/>
        <line num="34" count="405" type="stmt"/>
        <line num="35" count="405" type="stmt"/>
        <line num="36" count="405" type="stmt"/>
        <line num="37" count="405" type="stmt"/>
        <line num="38" count="405" type="stmt"/>
        <line num="39" count="405" type="stmt"/>
        <line num="40" count="405" type="stmt"/>
        <line num="41" count="405" type="stmt"/>
        <line num="42" count="405" type="stmt"/>
        <line num="43" count="405" type="stmt"/>
        <line num="44" count="405" type="stmt"/>
        <line num="45" count="405" type="stmt"/>
        <line num="46" count="405" type="stmt"/>
        <line num="47" count="405" type="cond" truecount="1" falsecount="0"/>
        <line num="48" count="39" type="stmt"/>
        <line num="49" count="39" type="stmt"/>
        <line num="50" count="39" type="stmt"/>
        <line num="51" count="39" type="stmt"/>
        <line num="52" count="39" type="stmt"/>
        <line num="53" count="39" type="stmt"/>
        <line num="54" count="39" type="stmt"/>
        <line num="55" count="39" type="stmt"/>
        <line num="56" count="39" type="stmt"/>
        <line num="57" count="39" type="cond" truecount="1" falsecount="0"/>
        <line num="58" count="19" type="stmt"/>
        <line num="59" count="19" type="stmt"/>
        <line num="60" count="39" type="stmt"/>
        <line num="61" count="39" type="stmt"/>
        <line num="62" count="39" type="stmt"/>
        <line num="63" count="39" type="stmt"/>
        <line num="64" count="39" type="cond" truecount="1" falsecount="0"/>
        <line num="65" count="38" type="stmt"/>
        <line num="66" count="39" type="cond" truecount="2" falsecount="0"/>
        <line num="67" count="39" type="cond" truecount="1" falsecount="1"/>
        <line num="68" count="36" type="stmt"/>
        <line num="69" count="36" type="cond" truecount="1" falsecount="0"/>
        <line num="70" count="35" type="stmt"/>
        <line num="71" count="35" type="stmt"/>
        <line num="72" count="35" type="stmt"/>
        <line num="73" count="35" type="stmt"/>
        <line num="74" count="39" type="cond" truecount="1" falsecount="0"/>
        <line num="75" count="4" type="stmt"/>
        <line num="76" count="4" type="stmt"/>
        <line num="77" count="39" type="stmt"/>
        <line num="78" count="39" type="stmt"/>
        <line num="79" count="39" type="stmt"/>
        <line num="80" count="39" type="stmt"/>
        <line num="81" count="405" type="stmt"/>
        <line num="82" count="405" type="cond" truecount="1" falsecount="0"/>
        <line num="83" count="34" type="stmt"/>
        <line num="84" count="405" type="stmt"/>
        <line num="85" count="405" type="stmt"/>
        <line num="86" count="405" type="cond" truecount="1" falsecount="0"/>
        <line num="87" count="304" type="stmt"/>
        <line num="88" count="304" type="cond" truecount="1" falsecount="0"/>
        <line num="89" count="304" type="stmt"/>
        <line num="90" count="304" type="stmt"/>
        <line num="91" count="304" type="stmt"/>
        <line num="92" count="304" type="stmt"/>
        <line num="93" count="405" type="stmt"/>
        <line num="94" count="405" type="cond" truecount="1" falsecount="0"/>
        <line num="95" count="63" type="cond" truecount="1" falsecount="0"/>
        <line num="96" count="63" type="stmt"/>
        <line num="97" count="63" type="stmt"/>
        <line num="98" count="63" type="stmt"/>
        <line num="99" count="63" type="stmt"/>
        <line num="100" count="63" type="stmt"/>
        <line num="101" count="63" type="stmt"/>
        <line num="102" count="63" type="stmt"/>
        <line num="103" count="63" type="stmt"/>
        <line num="104" count="63" type="stmt"/>
        <line num="105" count="405" type="stmt"/>
        <line num="106" count="405" type="stmt"/>
        <line num="107" count="405" type="cond" truecount="1" falsecount="0"/>
        <line num="108" count="11" type="stmt"/>
        <line num="109" count="11" type="stmt"/>
        <line num="110" count="11" type="cond" truecount="2" falsecount="0"/>
        <line num="111" count="5" type="stmt"/>
        <line num="112" count="5" type="stmt"/>
        <line num="113" count="5" type="cond" truecount="2" falsecount="0"/>
        <line num="114" count="6" type="stmt"/>
        <line num="115" count="11" type="cond" truecount="5" falsecount="0"/>
        <line num="116" count="1" type="stmt"/>
        <line num="117" count="1" type="stmt"/>
        <line num="118" count="1" type="cond" truecount="1" falsecount="0"/>
        <line num="119" count="5" type="stmt"/>
        <line num="120" count="5" type="stmt"/>
        <line num="121" count="5" type="stmt"/>
        <line num="122" count="5" type="stmt"/>
        <line num="123" count="5" type="stmt"/>
        <line num="124" count="5" type="stmt"/>
        <line num="125" count="5" type="stmt"/>
        <line num="126" count="5" type="stmt"/>
        <line num="127" count="5" type="stmt"/>
        <line num="128" count="5" type="stmt"/>
        <line num="129" count="5" type="stmt"/>
        <line num="130" count="5" type="stmt"/>
        <line num="131" count="5" type="stmt"/>
        <line num="132" count="5" type="stmt"/>
        <line num="133" count="5" type="stmt"/>
        <line num="134" count="5" type="stmt"/>
        <line num="135" count="5" type="stmt"/>
        <line num="136" count="5" type="stmt"/>
        <line num="137" count="5" type="stmt"/>
        <line num="138" count="5" type="stmt"/>
        <line num="139" count="5" type="stmt"/>
        <line num="140" count="5" type="stmt"/>
        <line num="141" count="5" type="stmt"/>
        <line num="142" count="5" type="stmt"/>
        <line num="143" count="5" type="stmt"/>
        <line num="144" count="5" type="stmt"/>
        <line num="145" count="5" type="stmt"/>
        <line num="146" count="5" type="stmt"/>
        <line num="147" count="5" type="stmt"/>
        <line num="148" count="5" type="stmt"/>
        <line num="149" count="5" type="stmt"/>
        <line num="150" count="5" type="stmt"/>
        <line num="151" count="5" type="stmt"/>
        <line num="152" count="5" type="stmt"/>
        <line num="153" count="5" type="stmt"/>
        <line num="154" count="5" type="stmt"/>
        <line num="155" count="5" type="stmt"/>
        <line num="156" count="5" type="stmt"/>
        <line num="157" count="10" type="cond" truecount="0" falsecount="1"/>
        <line num="158" count="0" type="stmt"/>
        <line num="159" count="0" type="cond" truecount="1" falsecount="0"/>
        <line num="160" count="5" type="stmt"/>
        <line num="161" count="5" type="stmt"/>
        <line num="162" count="5" type="stmt"/>
        <line num="163" count="5" type="stmt"/>
        <line num="164" count="5" type="stmt"/>
        <line num="165" count="5" type="stmt"/>
        <line num="166" count="5" type="stmt"/>
        <line num="167" count="5" type="stmt"/>
        <line num="168" count="5" type="stmt"/>
        <line num="169" count="5" type="stmt"/>
        <line num="170" count="5" type="stmt"/>
        <line num="171" count="5" type="stmt"/>
        <line num="172" count="10" type="cond" truecount="0" falsecount="1"/>
        <line num="173" count="0" type="stmt"/>
        <line num="174" count="0" type="stmt"/>
        <line num="175" count="0" type="stmt"/>
        <line num="176" count="11" type="stmt"/>
        <line num="177" count="405" type="stmt"/>
        <line num="178" count="405" type="stmt"/>
        <line num="179" count="0" type="stmt"/>
        <line num="180" count="0" type="stmt"/>
        <line num="181" count="0" type="stmt"/>
        <line num="182" count="0" type="stmt"/>
        <line num="183" count="0" type="stmt"/>
        <line num="184" count="0" type="stmt"/>
        <line num="185" count="0" type="stmt"/>
        <line num="186" count="0" type="stmt"/>
        <line num="187" count="0" type="stmt"/>
        <line num="188" count="0" type="stmt"/>
        <line num="189" count="0" type="stmt"/>
        <line num="190" count="0" type="stmt"/>
        <line num="191" count="0" type="stmt"/>
        <line num="192" count="0" type="stmt"/>
        <line num="193" count="0" type="stmt"/>
        <line num="194" count="0" type="stmt"/>
        <line num="195" count="0" type="stmt"/>
        <line num="196" count="0" type="stmt"/>
        <line num="197" count="0" type="stmt"/>
        <line num="198" count="0" type="stmt"/>
        <line num="199" count="0" type="stmt"/>
        <line num="200" count="0" type="stmt"/>
        <line num="201" count="0" type="stmt"/>
        <line num="202" count="405" type="stmt"/>
        <line num="203" count="405" type="cond" truecount="1" falsecount="0"/>
        <line num="204" count="2" type="stmt"/>
        <line num="205" count="2" type="stmt"/>
        <line num="206" count="2" type="stmt"/>
        <line num="207" count="405" type="stmt"/>
        <line num="208" count="405" type="cond" truecount="1" falsecount="0"/>
        <line num="209" count="1013" type="cond" truecount="2" falsecount="0"/>
        <line num="210" count="1011" type="stmt"/>
        <line num="211" count="1013" type="stmt"/>
        <line num="212" count="405" type="stmt"/>
        <line num="213" count="405" type="cond" truecount="1" falsecount="0"/>
        <line num="214" count="68" type="cond" truecount="3" falsecount="0"/>
        <line num="215" count="56" type="stmt"/>
        <line num="216" count="56" type="stmt"/>
        <line num="217" count="56" type="stmt"/>
        <line num="218" count="56" type="stmt"/>
        <line num="219" count="56" type="stmt"/>
        <line num="220" count="56" type="cond" truecount="1" falsecount="0"/>
        <line num="221" count="12" type="stmt"/>
        <line num="222" count="12" type="stmt"/>
        <line num="223" count="12" type="stmt"/>
        <line num="224" count="68" type="cond" truecount="1" falsecount="1"/>
        <line num="225" count="17" type="stmt"/>
        <line num="226" count="17" type="stmt"/>
        <line num="227" count="17" type="stmt"/>
        <line num="228" count="17" type="stmt"/>
        <line num="229" count="17" type="cond" truecount="0" falsecount="1"/>
        <line num="230" count="17" type="stmt"/>
        <line num="231" count="17" type="stmt"/>
        <line num="232" count="17" type="cond" truecount="1" falsecount="0"/>
        <line num="233" count="17" type="cond" truecount="0" falsecount="1"/>
        <line num="234" count="17" type="stmt"/>
        <line num="235" count="17" type="stmt"/>
        <line num="236" count="17" type="cond" truecount="1" falsecount="0"/>
        <line num="237" count="17" type="stmt"/>
        <line num="238" count="17" type="stmt"/>
        <line num="239" count="17" type="stmt"/>
        <line num="240" count="17" type="stmt"/>
        <line num="241" count="17" type="stmt"/>
        <line num="242" count="17" type="stmt"/>
        <line num="243" count="17" type="stmt"/>
        <line num="244" count="17" type="stmt"/>
        <line num="245" count="17" type="stmt"/>
        <line num="246" count="17" type="stmt"/>
        <line num="247" count="17" type="stmt"/>
        <line num="248" count="17" type="stmt"/>
        <line num="249" count="17" type="stmt"/>
        <line num="250" count="17" type="stmt"/>
        <line num="251" count="68" type="stmt"/>
        <line num="252" count="68" type="stmt"/>
        <line num="253" count="68" type="stmt"/>
        <line num="254" count="405" type="stmt"/>
        <line num="255" count="405" type="stmt"/>
        <line num="256" count="405" type="stmt"/>
        <line num="257" count="405" type="stmt"/>
        <line num="258" count="405" type="stmt"/>
        <line num="259" count="405" type="stmt"/>
        <line num="260" count="405" type="stmt"/>
        <line num="261" count="405" type="stmt"/>
        <line num="262" count="405" type="cond" truecount="1" falsecount="0"/>
        <line num="263" count="405" type="cond" truecount="2" falsecount="0"/>
        <line num="264" count="405" type="stmt"/>
        <line num="265" count="405" type="stmt"/>
        <line num="266" count="405" type="stmt"/>
        <line num="267" count="405" type="cond" truecount="1" falsecount="0"/>
        <line num="268" count="405" type="stmt"/>
        <line num="269" count="405" type="cond" truecount="1" falsecount="0"/>
        <line num="270" count="330" type="stmt"/>
        <line num="271" count="330" type="stmt"/>
        <line num="272" count="330" type="stmt"/>
        <line num="273" count="330" type="stmt"/>
        <line num="274" count="330" type="stmt"/>
        <line num="275" count="330" type="stmt"/>
        <line num="276" count="330" type="stmt"/>
        <line num="277" count="330" type="stmt"/>
        <line num="278" count="330" type="stmt"/>
        <line num="279" count="330" type="stmt"/>
        <line num="280" count="330" type="stmt"/>
        <line num="281" count="330" type="stmt"/>
        <line num="282" count="330" type="stmt"/>
        <line num="283" count="330" type="stmt"/>
        <line num="284" count="330" type="stmt"/>
        <line num="285" count="330" type="stmt"/>
        <line num="286" count="330" type="stmt"/>
        <line num="287" count="330" type="stmt"/>
        <line num="288" count="330" type="stmt"/>
        <line num="289" count="330" type="stmt"/>
        <line num="290" count="330" type="stmt"/>
        <line num="291" count="330" type="stmt"/>
        <line num="292" count="330" type="stmt"/>
        <line num="293" count="330" type="stmt"/>
        <line num="294" count="330" type="stmt"/>
        <line num="295" count="330" type="stmt"/>
        <line num="296" count="330" type="stmt"/>
        <line num="297" count="330" type="cond" truecount="1" falsecount="0"/>
        <line num="298" count="270" type="stmt"/>
        <line num="299" count="330" type="stmt"/>
        <line num="300" count="330" type="stmt"/>
        <line num="301" count="330" type="stmt"/>
        <line num="302" count="330" type="stmt"/>
        <line num="303" count="330" type="stmt"/>
        <line num="304" count="330" type="stmt"/>
        <line num="305" count="330" type="stmt"/>
        <line num="306" count="330" type="stmt"/>
        <line num="307" count="330" type="stmt"/>
        <line num="308" count="330" type="stmt"/>
        <line num="309" count="330" type="stmt"/>
        <line num="310" count="330" type="stmt"/>
        <line num="311" count="330" type="stmt"/>
        <line num="312" count="330" type="stmt"/>
        <line num="313" count="330" type="stmt"/>
        <line num="314" count="330" type="stmt"/>
        <line num="315" count="330" type="stmt"/>
        <line num="316" count="330" type="stmt"/>
        <line num="317" count="330" type="stmt"/>
        <line num="318" count="330" type="stmt"/>
        <line num="319" count="330" type="stmt"/>
        <line num="320" count="330" type="stmt"/>
        <line num="321" count="330" type="stmt"/>
        <line num="322" count="330" type="stmt"/>
        <line num="323" count="330" type="stmt"/>
        <line num="324" count="330" type="stmt"/>
        <line num="325" count="330" type="cond" truecount="2" falsecount="0"/>
        <line num="326" count="330" type="stmt"/>
        <line num="327" count="330" type="stmt"/>
        <line num="328" count="330" type="stmt"/>
        <line num="329" count="330" type="stmt"/>
        <line num="330" count="405" type="stmt"/>
        <line num="331" count="405" type="stmt"/>
        <line num="332" count="405" type="stmt"/>
        <line num="333" count="405" type="cond" truecount="2" falsecount="0"/>
        <line num="334" count="38" type="stmt"/>
        <line num="335" count="38" type="stmt"/>
        <line num="336" count="38" type="cond" truecount="1" falsecount="0"/>
        <line num="337" count="367" type="stmt"/>
        <line num="338" count="367" type="stmt"/>
        <line num="339" count="405" type="stmt"/>
        <line num="340" count="405" type="stmt"/>
        <line num="341" count="405" type="stmt"/>
        <line num="342" count="405" type="stmt"/>
        <line num="343" count="405" type="cond" truecount="2" falsecount="0"/>
        <line num="344" count="2" type="stmt"/>
        <line num="345" count="2" type="stmt"/>
        <line num="346" count="2" type="stmt"/>
        <line num="347" count="2" type="stmt"/>
        <line num="348" count="2" type="stmt"/>
        <line num="349" count="2" type="stmt"/>
        <line num="350" count="2" type="stmt"/>
        <line num="351" count="2" type="stmt"/>
        <line num="352" count="2" type="stmt"/>
        <line num="353" count="2" type="stmt"/>
        <line num="354" count="2" type="stmt"/>
        <line num="355" count="2" type="stmt"/>
        <line num="356" count="2" type="stmt"/>
        <line num="357" count="2" type="stmt"/>
        <line num="358" count="2" type="stmt"/>
        <line num="359" count="2" type="stmt"/>
        <line num="360" count="2" type="stmt"/>
        <line num="361" count="2" type="stmt"/>
        <line num="362" count="2" type="stmt"/>
        <line num="363" count="2" type="stmt"/>
        <line num="364" count="2" type="stmt"/>
        <line num="365" count="2" type="stmt"/>
        <line num="366" count="2" type="stmt"/>
        <line num="367" count="2" type="stmt"/>
        <line num="368" count="2" type="stmt"/>
        <line num="369" count="2" type="stmt"/>
        <line num="370" count="2" type="stmt"/>
        <line num="371" count="2" type="stmt"/>
        <line num="372" count="2" type="stmt"/>
        <line num="373" count="2" type="stmt"/>
        <line num="374" count="2" type="stmt"/>
        <line num="375" count="2" type="stmt"/>
        <line num="376" count="2" type="stmt"/>
        <line num="377" count="2" type="stmt"/>
        <line num="378" count="2" type="cond" truecount="0" falsecount="1"/>
        <line num="379" count="2" type="stmt"/>
        <line num="380" count="2" type="stmt"/>
        <line num="381" count="2" type="stmt"/>
        <line num="382" count="2" type="stmt"/>
        <line num="383" count="2" type="stmt"/>
        <line num="384" count="2" type="stmt"/>
        <line num="385" count="2" type="stmt"/>
        <line num="386" count="2" type="cond" truecount="0" falsecount="1"/>
        <line num="387" count="2" type="cond" truecount="1" falsecount="0"/>
        <line num="388" count="2" type="cond" truecount="1" falsecount="0"/>
        <line num="389" count="2" type="cond" truecount="1" falsecount="0"/>
        <line num="390" count="2" type="stmt"/>
        <line num="391" count="2" type="stmt"/>
        <line num="392" count="2" type="stmt"/>
        <line num="393" count="2" type="stmt"/>
        <line num="394" count="2" type="stmt"/>
        <line num="395" count="2" type="stmt"/>
        <line num="396" count="2" type="stmt"/>
        <line num="397" count="2" type="stmt"/>
        <line num="398" count="2" type="cond" truecount="0" falsecount="2"/>
        <line num="399" count="0" type="stmt"/>
        <line num="400" count="0" type="stmt"/>
        <line num="401" count="0" type="stmt"/>
        <line num="402" count="0" type="stmt"/>
        <line num="403" count="0" type="stmt"/>
        <line num="404" count="2" type="stmt"/>
        <line num="405" count="2" type="stmt"/>
        <line num="406" count="2" type="stmt"/>
        <line num="407" count="2" type="stmt"/>
        <line num="408" count="2" type="stmt"/>
        <line num="409" count="2" type="stmt"/>
        <line num="410" count="2" type="stmt"/>
        <line num="411" count="2" type="stmt"/>
        <line num="412" count="2" type="stmt"/>
        <line num="413" count="2" type="stmt"/>
        <line num="414" count="2" type="stmt"/>
        <line num="415" count="2" type="stmt"/>
        <line num="416" count="2" type="stmt"/>
        <line num="417" count="2" type="stmt"/>
        <line num="418" count="2" type="stmt"/>
        <line num="419" count="2" type="stmt"/>
        <line num="420" count="2" type="stmt"/>
        <line num="421" count="2" type="stmt"/>
        <line num="422" count="2" type="stmt"/>
        <line num="423" count="2" type="stmt"/>
        <line num="424" count="2" type="stmt"/>
        <line num="425" count="2" type="stmt"/>
        <line num="426" count="2" type="stmt"/>
        <line num="427" count="2" type="stmt"/>
        <line num="428" count="2" type="stmt"/>
        <line num="429" count="2" type="stmt"/>
        <line num="430" count="2" type="stmt"/>
        <line num="431" count="2" type="stmt"/>
        <line num="432" count="2" type="stmt"/>
        <line num="433" count="2" type="cond" truecount="1" falsecount="0"/>
        <line num="434" count="2" type="stmt"/>
        <line num="435" count="2" type="stmt"/>
        <line num="436" count="2" type="stmt"/>
        <line num="437" count="405" type="stmt"/>
        <line num="438" count="405" type="stmt"/>
        <line num="439" count="405" type="stmt"/>
        <line num="440" count="405" type="stmt"/>
        <line num="441" count="405" type="stmt"/>
        <line num="442" count="1" type="stmt"/>
        <line num="443" count="1" type="stmt"/>
      </file>
    </package>
    <package name="src.modules.users">
      <metrics statements="268" coveredstatements="256" conditionals="62" coveredconditionals="45" methods="11" coveredmethods="10"/>
      <file name="UserManagementView.jsx" path="C:\Users\pipeq\Desktop\Proyecto-SmartLogix-React\src\modules\users\UserManagementView.jsx">
        <metrics statements="268" coveredstatements="256" conditionals="62" coveredconditionals="45" methods="11" coveredmethods="10"/>
        <line num="1" count="1" type="stmt"/>
        <line num="2" count="1" type="stmt"/>
        <line num="3" count="1" type="stmt"/>
        <line num="4" count="1" type="stmt"/>
        <line num="5" count="1" type="stmt"/>
        <line num="6" count="1" type="stmt"/>
        <line num="7" count="1" type="stmt"/>
        <line num="8" count="1" type="stmt"/>
        <line num="9" count="1" type="cond" truecount="1" falsecount="0"/>
        <line num="10" count="1" type="stmt"/>
        <line num="11" count="0" type="cond" truecount="0" falsecount="1"/>
        <line num="12" count="1" type="stmt"/>
        <line num="13" count="1" type="cond" truecount="1" falsecount="0"/>
        <line num="14" count="461" type="stmt"/>
        <line num="15" count="461" type="stmt"/>
        <line num="16" count="461" type="stmt"/>
        <line num="17" count="461" type="stmt"/>
        <line num="18" count="461" type="stmt"/>
        <line num="19" count="461" type="stmt"/>
        <line num="20" count="461" type="stmt"/>
        <line num="21" count="461" type="stmt"/>
        <line num="22" count="461" type="stmt"/>
        <line num="23" count="461" type="stmt"/>
        <line num="24" count="461" type="stmt"/>
        <line num="25" count="461" type="stmt"/>
        <line num="26" count="461" type="stmt"/>
        <line num="27" count="461" type="stmt"/>
        <line num="28" count="461" type="stmt"/>
        <line num="29" count="461" type="stmt"/>
        <line num="30" count="461" type="cond" truecount="1" falsecount="0"/>
        <line num="31" count="37" type="stmt"/>
        <line num="32" count="37" type="stmt"/>
        <line num="33" count="37" type="stmt"/>
        <line num="34" count="37" type="stmt"/>
        <line num="35" count="37" type="stmt"/>
        <line num="36" count="37" type="stmt"/>
        <line num="37" count="37" type="stmt"/>
        <line num="38" count="37" type="stmt"/>
        <line num="39" count="37" type="cond" truecount="1" falsecount="0"/>
        <line num="40" count="36" type="stmt"/>
        <line num="41" count="37" type="cond" truecount="2" falsecount="0"/>
        <line num="42" count="2" type="stmt"/>
        <line num="43" count="2" type="cond" truecount="1" falsecount="0"/>
        <line num="44" count="37" type="cond" truecount="2" falsecount="0"/>
        <line num="45" count="33" type="stmt"/>
        <line num="46" count="33" type="cond" truecount="1" falsecount="0"/>
        <line num="47" count="32" type="stmt"/>
        <line num="48" count="37" type="cond" truecount="1" falsecount="0"/>
        <line num="49" count="5" type="stmt"/>
        <line num="50" count="37" type="stmt"/>
        <line num="51" count="37" type="stmt"/>
        <line num="52" count="37" type="stmt"/>
        <line num="53" count="37" type="stmt"/>
        <line num="54" count="461" type="stmt"/>
        <line num="55" count="461" type="cond" truecount="1" falsecount="0"/>
        <line num="56" count="29" type="stmt"/>
        <line num="57" count="461" type="stmt"/>
        <line num="58" count="461" type="stmt"/>
        <line num="59" count="461" type="cond" truecount="1" falsecount="0"/>
        <line num="60" count="366" type="stmt"/>
        <line num="61" count="366" type="cond" truecount="1" falsecount="0"/>
        <line num="62" count="366" type="stmt"/>
        <line num="63" count="366" type="cond" truecount="0" falsecount="1"/>
        <line num="64" count="366" type="stmt"/>
        <line num="65" count="366" type="stmt"/>
        <line num="66" count="461" type="stmt"/>
        <line num="67" count="461" type="cond" truecount="1" falsecount="0"/>
        <line num="68" count="2" type="stmt"/>
        <line num="69" count="2" type="stmt"/>
        <line num="70" count="2" type="stmt"/>
        <line num="71" count="2" type="stmt"/>
        <line num="72" count="2" type="stmt"/>
        <line num="73" count="2" type="stmt"/>
        <line num="74" count="2" type="stmt"/>
        <line num="75" count="2" type="stmt"/>
        <line num="76" count="2" type="stmt"/>
        <line num="77" count="2" type="stmt"/>
        <line num="78" count="2" type="stmt"/>
        <line num="79" count="2" type="stmt"/>
        <line num="80" count="2" type="stmt"/>
        <line num="81" count="2" type="cond" truecount="0" falsecount="1"/>
        <line num="82" count="0" type="stmt"/>
        <line num="83" count="0" type="stmt"/>
        <line num="84" count="2" type="cond" truecount="1" falsecount="0"/>
        <line num="85" count="1" type="stmt"/>
        <line num="86" count="1" type="stmt"/>
        <line num="87" count="1" type="stmt"/>
        <line num="88" count="1" type="stmt"/>
        <line num="89" count="1" type="stmt"/>
        <line num="90" count="2" type="stmt"/>
        <line num="91" count="461" type="stmt"/>
        <line num="92" count="461" type="cond" truecount="1" falsecount="0"/>
        <line num="93" count="3" type="stmt"/>
        <line num="94" count="3" type="stmt"/>
        <line num="95" count="3" type="cond" truecount="0" falsecount="1"/>
        <line num="96" count="3" type="cond" truecount="0" falsecount="1"/>
        <line num="97" count="3" type="cond" truecount="0" falsecount="1"/>
        <line num="98" count="3" type="cond" truecount="0" falsecount="2"/>
        <line num="99" count="3" type="cond" truecount="0" falsecount="1"/>
        <line num="100" count="3" type="stmt"/>
        <line num="101" count="3" type="stmt"/>
        <line num="102" count="3" type="stmt"/>
        <line num="103" count="3" type="stmt"/>
        <line num="104" count="3" type="stmt"/>
        <line num="105" count="3" type="stmt"/>
        <line num="106" count="3" type="cond" truecount="0" falsecount="1"/>
        <line num="107" count="0" type="stmt"/>
        <line num="108" count="0" type="stmt"/>
        <line num="109" count="3" type="stmt"/>
        <line num="110" count="461" type="stmt"/>
        <line num="111" count="461" type="cond" truecount="1" falsecount="0"/>
        <line num="112" count="9" type="stmt"/>
        <line num="113" count="9" type="stmt"/>
        <line num="114" count="9" type="stmt"/>
        <line num="115" count="9" type="stmt"/>
        <line num="116" count="9" type="stmt"/>
        <line num="117" count="9" type="stmt"/>
        <line num="118" count="9" type="cond" truecount="2" falsecount="0"/>
        <line num="119" count="9" type="cond" truecount="2" falsecount="0"/>
        <line num="120" count="9" type="stmt"/>
        <line num="121" count="9" type="stmt"/>
        <line num="122" count="9" type="stmt"/>
        <line num="123" count="9" type="stmt"/>
        <line num="124" count="9" type="stmt"/>
        <line num="125" count="9" type="stmt"/>
        <line num="126" count="9" type="stmt"/>
        <line num="127" count="9" type="stmt"/>
        <line num="128" count="9" type="stmt"/>
        <line num="129" count="9" type="stmt"/>
        <line num="130" count="9" type="stmt"/>
        <line num="131" count="9" type="stmt"/>
        <line num="132" count="9" type="stmt"/>
        <line num="133" count="9" type="stmt"/>
        <line num="134" count="9" type="stmt"/>
        <line num="135" count="9" type="stmt"/>
        <line num="136" count="9" type="stmt"/>
        <line num="137" count="9" type="stmt"/>
        <line num="138" count="9" type="stmt"/>
        <line num="139" count="9" type="stmt"/>
        <line num="140" count="9" type="cond" truecount="0" falsecount="1"/>
        <line num="141" count="0" type="stmt"/>
        <line num="142" count="0" type="stmt"/>
        <line num="143" count="9" type="cond" truecount="2" falsecount="0"/>
        <line num="144" count="7" type="stmt"/>
        <line num="145" count="7" type="stmt"/>
        <line num="146" count="7" type="stmt"/>
        <line num="147" count="7" type="stmt"/>
        <line num="148" count="7" type="stmt"/>
        <line num="149" count="7" type="stmt"/>
        <line num="150" count="7" type="cond" truecount="1" falsecount="0"/>
        <line num="151" count="2" type="stmt"/>
        <line num="152" count="9" type="stmt"/>
        <line num="153" count="9" type="stmt"/>
        <line num="154" count="9" type="stmt"/>
        <line num="155" count="9" type="stmt"/>
        <line num="156" count="461" type="stmt"/>
        <line num="157" count="461" type="stmt"/>
        <line num="158" count="0" type="stmt"/>
        <line num="159" count="0" type="stmt"/>
        <line num="160" count="0" type="stmt"/>
        <line num="161" count="0" type="stmt"/>
        <line num="162" count="0" type="stmt"/>
        <line num="163" count="461" type="stmt"/>
        <line num="164" count="461" type="stmt"/>
        <line num="165" count="461" type="stmt"/>
        <line num="166" count="461" type="stmt"/>
        <line num="167" count="461" type="stmt"/>
        <line num="168" count="461" type="cond" truecount="1" falsecount="1"/>
        <line num="169" count="461" type="cond" truecount="2" falsecount="0"/>
        <line num="170" count="461" type="stmt"/>
        <line num="171" count="461" type="stmt"/>
        <line num="172" count="461" type="stmt"/>
        <line num="173" count="461" type="cond" truecount="1" falsecount="0"/>
        <line num="174" count="461" type="stmt"/>
        <line num="175" count="461" type="cond" truecount="1" falsecount="0"/>
        <line num="176" count="395" type="cond" truecount="2" falsecount="0"/>
        <line num="177" count="395" type="stmt"/>
        <line num="178" count="395" type="stmt"/>
        <line num="179" count="395" type="stmt"/>
        <line num="180" count="395" type="stmt"/>
        <line num="181" count="395" type="stmt"/>
        <line num="182" count="395" type="stmt"/>
        <line num="183" count="395" type="stmt"/>
        <line num="184" count="395" type="stmt"/>
        <line num="185" count="395" type="stmt"/>
        <line num="186" count="395" type="stmt"/>
        <line num="187" count="395" type="cond" truecount="1" falsecount="0"/>
        <line num="188" count="353" type="stmt"/>
        <line num="189" count="353" type="stmt"/>
        <line num="190" count="353" type="stmt"/>
        <line num="191" count="353" type="stmt"/>
        <line num="192" count="395" type="stmt"/>
        <line num="193" count="395" type="stmt"/>
        <line num="194" count="395" type="stmt"/>
        <line num="195" count="395" type="stmt"/>
        <line num="196" count="395" type="stmt"/>
        <line num="197" count="395" type="stmt"/>
        <line num="198" count="395" type="stmt"/>
        <line num="199" count="395" type="stmt"/>
        <line num="200" count="395" type="stmt"/>
        <line num="201" count="395" type="stmt"/>
        <line num="202" count="395" type="stmt"/>
        <line num="203" count="395" type="stmt"/>
        <line num="204" count="395" type="stmt"/>
        <line num="205" count="395" type="stmt"/>
        <line num="206" count="395" type="stmt"/>
        <line num="207" count="395" type="stmt"/>
        <line num="208" count="395" type="cond" truecount="2" falsecount="0"/>
        <line num="209" count="395" type="stmt"/>
        <line num="210" count="395" type="stmt"/>
        <line num="211" count="395" type="stmt"/>
        <line num="212" count="461" type="stmt"/>
        <line num="213" count="461" type="stmt"/>
        <line num="214" count="461" type="stmt"/>
        <line num="215" count="461" type="cond" truecount="2" falsecount="0"/>
        <line num="216" count="35" type="stmt"/>
        <line num="217" count="35" type="stmt"/>
        <line num="218" count="35" type="cond" truecount="1" falsecount="0"/>
        <line num="219" count="426" type="cond" truecount="1" falsecount="0"/>
        <line num="220" count="330" type="cond" truecount="1" falsecount="0"/>
        <line num="221" count="96" type="stmt"/>
        <line num="222" count="96" type="stmt"/>
        <line num="223" count="96" type="stmt"/>
        <line num="224" count="96" type="stmt"/>
        <line num="225" count="96" type="stmt"/>
        <line num="226" count="96" type="stmt"/>
        <line num="227" count="96" type="stmt"/>
        <line num="228" count="96" type="stmt"/>
        <line num="229" count="96" type="stmt"/>
        <line num="230" count="96" type="stmt"/>
        <line num="231" count="96" type="stmt"/>
        <line num="232" count="96" type="stmt"/>
        <line num="233" count="96" type="stmt"/>
        <line num="234" count="96" type="cond" truecount="1" falsecount="0"/>
        <line num="235" count="97" type="stmt"/>
        <line num="236" count="97" type="stmt"/>
        <line num="237" count="97" type="stmt"/>
        <line num="238" count="97" type="stmt"/>
        <line num="239" count="97" type="stmt"/>
        <line num="240" count="97" type="stmt"/>
        <line num="241" count="97" type="cond" truecount="2" falsecount="0"/>
        <line num="242" count="97" type="stmt"/>
        <line num="243" count="97" type="stmt"/>
        <line num="244" count="97" type="stmt"/>
        <line num="245" count="97" type="cond" truecount="0" falsecount="1"/>
        <line num="246" count="97" type="stmt"/>
        <line num="247" count="97" type="cond" truecount="0" falsecount="1"/>
        <line num="248" count="97" type="cond" truecount="0" falsecount="1"/>
        <line num="249" count="97" type="stmt"/>
        <line num="250" count="97" type="stmt"/>
        <line num="251" count="97" type="stmt"/>
        <line num="252" count="97" type="cond" truecount="1" falsecount="0"/>
        <line num="253" count="97" type="cond" truecount="1" falsecount="1"/>
        <line num="254" count="97" type="cond" truecount="0" falsecount="1"/>
        <line num="255" count="97" type="stmt"/>
        <line num="256" count="97" type="stmt"/>
        <line num="257" count="97" type="stmt"/>
        <line num="258" count="96" type="stmt"/>
        <line num="259" count="96" type="stmt"/>
        <line num="260" count="96" type="stmt"/>
        <line num="261" count="96" type="stmt"/>
        <line num="262" count="461" type="stmt"/>
        <line num="263" count="461" type="stmt"/>
        <line num="264" count="461" type="stmt"/>
        <line num="265" count="461" type="stmt"/>
        <line num="266" count="461" type="stmt"/>
        <line num="267" count="1" type="stmt"/>
        <line num="268" count="1" type="stmt"/>
      </file>
    </package>
    <package name="src.shared.components">
      <metrics statements="49" coveredstatements="48" conditionals="10" coveredconditionals="9" methods="2" coveredmethods="2"/>
      <file name="Button.jsx" path="C:\Users\pipeq\Desktop\Proyecto-SmartLogix-React\src\shared\components\Button.jsx">
        <metrics statements="31" coveredstatements="30" conditionals="8" coveredconditionals="7" methods="1" coveredmethods="1"/>
        <line num="1" count="1" type="stmt"/>
        <line num="2" count="1" type="stmt"/>
        <line num="3" count="1" type="cond" truecount="1" falsecount="0"/>
        <line num="4" count="1015" type="stmt"/>
        <line num="5" count="1015" type="stmt"/>
        <line num="6" count="1015" type="stmt"/>
        <line num="7" count="1015" type="cond" truecount="1" falsecount="0"/>
        <line num="8" count="159" type="stmt"/>
        <line num="9" count="159" type="cond" truecount="1" falsecount="0"/>
        <line num="10" count="1" type="stmt"/>
        <line num="11" count="159" type="cond" truecount="0" falsecount="1"/>
        <line num="12" count="0" type="stmt"/>
        <line num="13" count="159" type="cond" truecount="1" falsecount="0"/>
        <line num="14" count="159" type="cond" truecount="1" falsecount="0"/>
        <line num="15" count="158" type="stmt"/>
        <line num="16" count="159" type="stmt"/>
        <line num="17" count="1015" type="stmt"/>
        <line num="18" count="1015" type="stmt"/>
        <line num="19" count="1015" type="stmt"/>
        <line num="20" count="1015" type="stmt"/>
        <line num="21" count="1015" type="stmt"/>
        <line num="22" count="1015" type="stmt"/>
        <line num="23" count="1015" type="stmt"/>
        <line num="24" count="1015" type="stmt"/>
        <line num="25" count="1015" type="cond" truecount="2" falsecount="0"/>
        <line num="26" count="1015" type="stmt"/>
        <line num="27" count="1015" type="stmt"/>
        <line num="28" count="1015" type="stmt"/>
        <line num="29" count="1015" type="stmt"/>
        <line num="30" count="1015" type="stmt"/>
        <line num="31" count="1" type="stmt"/>
      </file>
      <file name="Card.jsx" path="C:\Users\pipeq\Desktop\Proyecto-SmartLogix-React\src\shared\components\Card.jsx">
        <metrics statements="18" coveredstatements="18" conditionals="2" coveredconditionals="2" methods="1" coveredmethods="1"/>
        <line num="1" count="1" type="stmt"/>
        <line num="2" count="1" type="stmt"/>
        <line num="3" count="1" type="cond" truecount="1" falsecount="0"/>
        <line num="4" count="2334" type="stmt"/>
        <line num="5" count="2334" type="stmt"/>
        <line num="6" count="2334" type="cond" truecount="1" falsecount="0"/>
        <line num="7" count="1675" type="stmt"/>
        <line num="8" count="1675" type="stmt"/>
        <line num="9" count="1675" type="stmt"/>
        <line num="10" count="2334" type="stmt"/>
        <line num="11" count="2334" type="stmt"/>
        <line num="12" count="2334" type="stmt"/>
        <line num="13" count="2334" type="stmt"/>
        <line num="14" count="2334" type="stmt"/>
        <line num="15" count="2334" type="stmt"/>
        <line num="16" count="2334" type="stmt"/>
        <line num="17" count="1" type="stmt"/>
        <line num="18" count="1" type="stmt"/>
      </file>
    </package>
    <package name="src.shared.layouts">
      <metrics statements="56" coveredstatements="56" conditionals="7" coveredconditionals="7" methods="2" coveredmethods="2"/>
      <file name="DashboardLayout.jsx" path="C:\Users\pipeq\Desktop\Proyecto-SmartLogix-React\src\shared\layouts\DashboardLayout.jsx">
        <metrics statements="56" coveredstatements="56" conditionals="7" coveredconditionals="7" methods="2" coveredmethods="2"/>
        <line num="1" count="1" type="stmt"/>
        <line num="2" count="1" type="stmt"/>
        <line num="3" count="1" type="cond" truecount="1" falsecount="0"/>
        <line num="4" count="19" type="stmt"/>
        <line num="5" count="19" type="stmt"/>
        <line num="6" count="19" type="stmt"/>
        <line num="7" count="19" type="cond" truecount="2" falsecount="0"/>
        <line num="8" count="19" type="stmt"/>
        <line num="9" count="19" type="stmt"/>
        <line num="10" count="19" type="stmt"/>
        <line num="11" count="19" type="stmt"/>
        <line num="12" count="19" type="stmt"/>
        <line num="13" count="19" type="stmt"/>
        <line num="14" count="19" type="stmt"/>
        <line num="15" count="19" type="stmt"/>
        <line num="16" count="19" type="stmt"/>
        <line num="17" count="19" type="stmt"/>
        <line num="18" count="19" type="stmt"/>
        <line num="19" count="19" type="stmt"/>
        <line num="20" count="19" type="stmt"/>
        <line num="21" count="19" type="stmt"/>
        <line num="22" count="19" type="stmt"/>
        <line num="23" count="19" type="cond" truecount="1" falsecount="0"/>
        <line num="24" count="63" type="stmt"/>
        <line num="25" count="63" type="stmt"/>
        <line num="26" count="63" type="cond" truecount="1" falsecount="0"/>
        <line num="27" count="63" type="stmt"/>
        <line num="28" count="63" type="cond" truecount="1" falsecount="0"/>
        <line num="29" count="19" type="cond" truecount="1" falsecount="0"/>
        <line num="30" count="44" type="stmt"/>
        <line num="31" count="63" type="stmt"/>
        <line num="32" count="63" type="stmt"/>
        <line num="33" count="63" type="stmt"/>
        <line num="34" count="63" type="stmt"/>
        <line num="35" count="19" type="stmt"/>
        <line num="36" count="19" type="stmt"/>
        <line num="37" count="19" type="stmt"/>
        <line num="38" count="19" type="stmt"/>
        <line num="39" count="19" type="stmt"/>
        <line num="40" count="19" type="stmt"/>
        <line num="41" count="19" type="stmt"/>
        <line num="42" count="19" type="stmt"/>
        <line num="43" count="19" type="stmt"/>
        <line num="44" count="19" type="stmt"/>
        <line num="45" count="19" type="stmt"/>
        <line num="46" count="19" type="stmt"/>
        <line num="47" count="19" type="stmt"/>
        <line num="48" count="19" type="stmt"/>
        <line num="49" count="19" type="stmt"/>
        <line num="50" count="19" type="stmt"/>
        <line num="51" count="19" type="stmt"/>
        <line num="52" count="19" type="stmt"/>
        <line num="53" count="19" type="stmt"/>
        <line num="54" count="1" type="stmt"/>
        <line num="55" count="1" type="stmt"/>
        <line num="56" count="1" type="stmt"/>
      </file>
    </package>
  </project>
</coverage>
