{"C:\\Users\\pipeq\\Desktop\\Proyecto-SmartLogix-React\\src\\App.jsx": {"path":"C:\\Users\\pipeq\\Desktop\\Proyecto-SmartLogix-React\\src\\App.jsx","all":false,"statementMap":{"0":{"start":{"line":1,"column":0},"end":{"line":1,"column":0}},"1":{"start":{"line":2,"column":0},"end":{"line":2,"column":64}},"2":{"start":{"line":3,"column":0},"end":{"line":3,"column":57}},"3":{"start":{"line":4,"column":0},"end":{"line":4,"column":63}},"4":{"start":{"line":5,"column":0},"end":{"line":5,"column":49}},"5":{"start":{"line":6,"column":0},"end":{"line":6,"column":62}},"6":{"start":{"line":7,"column":0},"end":{"line":7,"column":51}},"7":{"start":{"line":8,"column":0},"end":{"line":8,"column":69}},"8":{"start":{"line":9,"column":0},"end":{"line":9,"column":0}},"9":{"start":{"line":10,"column":0},"end":{"line":10,"column":19}},"10":{"start":{"line":11,"column":0},"end":{"line":11,"column":41}},"11":{"start":{"line":12,"column":0},"end":{"line":12,"column":62}},"12":{"start":{"line":13,"column":0},"end":{"line":13,"column":0}},"13":{"start":{"line":14,"column":0},"end":{"line":14,"column":19}},"14":{"start":{"line":15,"column":0},"end":{"line":15,"column":17}},"15":{"start":{"line":16,"column":0},"end":{"line":16,"column":9}},"16":{"start":{"line":17,"column":0},"end":{"line":17,"column":0}},"17":{"start":{"line":18,"column":0},"end":{"line":18,"column":19}},"18":{"start":{"line":19,"column":0},"end":{"line":19,"column":18}},"19":{"start":{"line":20,"column":0},"end":{"line":20,"column":11}},"20":{"start":{"line":21,"column":0},"end":{"line":21,"column":61}},"21":{"start":{"line":22,"column":0},"end":{"line":22,"column":27}},"22":{"start":{"line":23,"column":0},"end":{"line":23,"column":0}},"23":{"start":{"line":24,"column":0},"end":{"line":24,"column":64}},"24":{"start":{"line":25,"column":0},"end":{"line":25,"column":67}},"25":{"start":{"line":26,"column":0},"end":{"line":26,"column":20}},"26":{"start":{"line":27,"column":0},"end":{"line":27,"column":44}},"27":{"start":{"line":28,"column":0},"end":{"line":28,"column":11}},"28":{"start":{"line":29,"column":0},"end":{"line":29,"column":11}},"29":{"start":{"line":30,"column":0},"end":{"line":30,"column":0}},"30":{"start":{"line":31,"column":0},"end":{"line":31,"column":30}},"31":{"start":{"line":32,"column":0},"end":{"line":32,"column":45}},"32":{"start":{"line":33,"column":0},"end":{"line":33,"column":235}},"33":{"start":{"line":34,"column":0},"end":{"line":34,"column":9}},"34":{"start":{"line":35,"column":0},"end":{"line":35,"column":77}},"35":{"start":{"line":36,"column":0},"end":{"line":36,"column":19}},"36":{"start":{"line":37,"column":0},"end":{"line":37,"column":36}},"37":{"start":{"line":38,"column":0},"end":{"line":38,"column":7}},"38":{"start":{"line":39,"column":0},"end":{"line":39,"column":9}},"39":{"start":{"line":40,"column":0},"end":{"line":40,"column":9}},"40":{"start":{"line":41,"column":0},"end":{"line":41,"column":0}},"41":{"start":{"line":42,"column":0},"end":{"line":42,"column":0}},"42":{"start":{"line":43,"column":0},"end":{"line":43,"column":49}},"43":{"start":{"line":44,"column":0},"end":{"line":44,"column":22}},"44":{"start":{"line":45,"column":0},"end":{"line":45,"column":33}},"45":{"start":{"line":46,"column":0},"end":{"line":46,"column":9}},"46":{"start":{"line":47,"column":0},"end":{"line":47,"column":0}},"47":{"start":{"line":48,"column":0},"end":{"line":48,"column":0}},"48":{"start":{"line":49,"column":0},"end":{"line":49,"column":48}},"49":{"start":{"line":50,"column":0},"end":{"line":50,"column":26}},"50":{"start":{"line":51,"column":0},"end":{"line":51,"column":59}},"51":{"start":{"line":52,"column":0},"end":{"line":52,"column":11}},"52":{"start":{"line":53,"column":0},"end":{"line":53,"column":50}},"53":{"start":{"line":54,"column":0},"end":{"line":54,"column":51}},"54":{"start":{"line":55,"column":0},"end":{"line":55,"column":54}},"55":{"start":{"line":56,"column":0},"end":{"line":56,"column":54}},"56":{"start":{"line":57,"column":0},"end":{"line":57,"column":19}},"57":{"start":{"line":58,"column":0},"end":{"line":58,"column":17}},"58":{"start":{"line":59,"column":0},"end":{"line":59,"column":7}},"59":{"start":{"line":60,"column":0},"end":{"line":60,"column":0}},"60":{"start":{"line":61,"column":0},"end":{"line":61,"column":20}},"61":{"start":{"line":62,"column":0},"end":{"line":62,"column":12}},"62":{"start":{"line":63,"column":0},"end":{"line":63,"column":27}},"63":{"start":{"line":64,"column":0},"end":{"line":64,"column":5}},"64":{"start":{"line":65,"column":0},"end":{"line":65,"column":9}},"65":{"start":{"line":66,"column":0},"end":{"line":66,"column":0}},"66":{"start":{"line":67,"column":0},"end":{"line":67,"column":0}},"67":{"start":{"line":68,"column":0},"end":{"line":68,"column":14}},"68":{"start":{"line":69,"column":0},"end":{"line":69,"column":47}},"69":{"start":{"line":70,"column":0},"end":{"line":70,"column":3}},"70":{"start":{"line":71,"column":0},"end":{"line":71,"column":0}},"71":{"start":{"line":72,"column":0},"end":{"line":72,"column":0}},"72":{"start":{"line":73,"column":0},"end":{"line":73,"column":10}},"73":{"start":{"line":74,"column":0},"end":{"line":74,"column":97}},"74":{"start":{"line":75,"column":0},"end":{"line":75,"column":56}},"75":{"start":{"line":76,"column":0},"end":{"line":76,"column":49}},"76":{"start":{"line":77,"column":0},"end":{"line":77,"column":83}},"77":{"start":{"line":78,"column":0},"end":{"line":78,"column":22}},"78":{"start":{"line":79,"column":0},"end":{"line":79,"column":4}},"79":{"start":{"line":80,"column":0},"end":{"line":80,"column":2}},"80":{"start":{"line":81,"column":0},"end":{"line":81,"column":0}},"81":{"start":{"line":82,"column":0},"end":{"line":82,"column":19}}},"s":{"0":1,"1":1,"2":1,"3":1,"4":1,"5":1,"6":1,"7":1,"8":1,"9":1,"10":36,"11":36,"12":36,"13":36,"14":17,"15":36,"16":36,"17":36,"18":17,"19":17,"20":17,"21":17,"22":3,"23":3,"24":3,"25":3,"26":3,"27":3,"28":3,"29":3,"30":17,"31":2,"32":2,"33":2,"34":17,"35":17,"36":0,"37":0,"38":17,"39":36,"40":36,"41":36,"42":36,"43":12,"44":12,"45":36,"46":36,"47":36,"48":36,"49":5,"50":3,"51":3,"52":3,"53":3,"54":3,"55":3,"56":3,"57":0,"58":0,"59":3,"60":3,"61":5,"62":2,"63":2,"64":36,"65":36,"66":36,"67":36,"68":20,"69":20,"70":16,"71":16,"72":16,"73":16,"74":36,"75":36,"76":36,"77":36,"78":36,"79":36,"80":1,"81":1},"branchMap":{"0":{"type":"branch","line":10,"loc":{"start":{"line":10,"column":12},"end":{"line":80,"column":2}},"locations":[{"start":{"line":10,"column":12},"end":{"line":80,"column":2}}]},"1":{"type":"branch","line":68,"loc":{"start":{"line":68,"column":13},"end":{"line":70,"column":3}},"locations":[{"start":{"line":68,"column":13},"end":{"line":70,"column":3}}]},"2":{"type":"branch","line":70,"loc":{"start":{"line":70,"column":2},"end":{"line":74,"column":97}},"locations":[{"start":{"line":70,"column":2},"end":{"line":74,"column":97}}]},"3":{"type":"branch","line":75,"loc":{"start":{"line":75,"column":23},"end":{"line":75,"column":56}},"locations":[{"start":{"line":75,"column":23},"end":{"line":75,"column":56}}]},"4":{"type":"branch","line":76,"loc":{"start":{"line":76,"column":23},"end":{"line":76,"column":49}},"locations":[{"start":{"line":76,"column":23},"end":{"line":76,"column":49}}]},"5":{"type":"branch","line":77,"loc":{"start":{"line":77,"column":23},"end":{"line":77,"column":60}},"locations":[{"start":{"line":77,"column":23},"end":{"line":77,"column":60}}]},"6":{"type":"branch","line":77,"loc":{"start":{"line":77,"column":49},"end":{"line":77,"column":83}},"locations":[{"start":{"line":77,"column":49},"end":{"line":77,"column":83}}]},"7":{"type":"branch","line":14,"loc":{"start":{"line":14,"column":12},"end":{"line":16,"column":5}},"locations":[{"start":{"line":14,"column":12},"end":{"line":16,"column":5}}]},"8":{"type":"branch","line":18,"loc":{"start":{"line":18,"column":12},"end":{"line":40,"column":5}},"locations":[{"start":{"line":18,"column":12},"end":{"line":40,"column":5}}]},"9":{"type":"branch","line":19,"loc":{"start":{"line":19,"column":5},"end":{"line":39,"column":7}},"locations":[{"start":{"line":19,"column":5},"end":{"line":39,"column":7}}]},"10":{"type":"branch","line":22,"loc":{"start":{"line":22,"column":20},"end":{"line":22,"column":27}},"locations":[{"start":{"line":22,"column":20},"end":{"line":22,"column":27}}]},"11":{"type":"branch","line":22,"loc":{"start":{"line":22,"column":20},"end":{"line":31,"column":29}},"locations":[{"start":{"line":22,"column":20},"end":{"line":31,"column":29}}]},"12":{"type":"branch","line":31,"loc":{"start":{"line":31,"column":29},"end":{"line":34,"column":9}},"locations":[{"start":{"line":31,"column":29},"end":{"line":34,"column":9}}]},"13":{"type":"branch","line":33,"loc":{"start":{"line":33,"column":42},"end":{"line":33,"column":91}},"locations":[{"start":{"line":33,"column":42},"end":{"line":33,"column":91}}]},"14":{"type":"branch","line":33,"loc":{"start":{"line":33,"column":108},"end":{"line":33,"column":162}},"locations":[{"start":{"line":33,"column":108},"end":{"line":33,"column":162}}]},"15":{"type":"branch","line":33,"loc":{"start":{"line":33,"column":179},"end":{"line":33,"column":232}},"locations":[{"start":{"line":33,"column":179},"end":{"line":33,"column":232}}]},"16":{"type":"branch","line":36,"loc":{"start":{"line":36,"column":6},"end":{"line":38,"column":7}},"locations":[{"start":{"line":36,"column":6},"end":{"line":38,"column":7}}]},"17":{"type":"branch","line":43,"loc":{"start":{"line":43,"column":34},"end":{"line":46,"column":5}},"locations":[{"start":{"line":43,"column":34},"end":{"line":46,"column":5}}]},"18":{"type":"branch","line":49,"loc":{"start":{"line":49,"column":37},"end":{"line":65,"column":5}},"locations":[{"start":{"line":49,"column":37},"end":{"line":65,"column":5}}]},"19":{"type":"branch","line":50,"loc":{"start":{"line":50,"column":25},"end":{"line":62,"column":11}},"locations":[{"start":{"line":50,"column":25},"end":{"line":62,"column":11}}]},"20":{"type":"branch","line":57,"loc":{"start":{"line":57,"column":6},"end":{"line":59,"column":7}},"locations":[{"start":{"line":57,"column":6},"end":{"line":59,"column":7}}]},"21":{"type":"branch","line":62,"loc":{"start":{"line":62,"column":4},"end":{"line":64,"column":5}},"locations":[{"start":{"line":62,"column":4},"end":{"line":64,"column":5}}]}},"b":{"0":[36],"1":[20],"2":[16],"3":[14],"4":[2],"5":[0],"6":[0],"7":[17],"8":[17],"9":[17],"10":[14],"11":[3],"12":[2],"13":[0],"14":[0],"15":[0],"16":[0],"17":[12],"18":[5],"19":[3],"20":[0],"21":[2]},"fnMap":{"0":{"name":"App","decl":{"start":{"line":10,"column":12},"end":{"line":80,"column":2}},"loc":{"start":{"line":10,"column":12},"end":{"line":80,"column":2}},"line":10}},"f":{"0":36}}
,"C:\\Users\\pipeq\\Desktop\\Proyecto-SmartLogix-React\\src\\core\\hooks\\useMockApi.js": {"path":"C:\\Users\\pipeq\\Desktop\\Proyecto-SmartLogix-React\\src\\core\\hooks\\useMockApi.js","all":false,"statementMap":{"0":{"start":{"line":1,"column":0},"end":{"line":1,"column":80}},"1":{"start":{"line":2,"column":0},"end":{"line":2,"column":84}},"2":{"start":{"line":3,"column":0},"end":{"line":3,"column":0}},"3":{"start":{"line":4,"column":0},"end":{"line":4,"column":47}},"4":{"start":{"line":5,"column":0},"end":{"line":5,"column":39}},"5":{"start":{"line":6,"column":0},"end":{"line":6,"column":48}},"6":{"start":{"line":7,"column":0},"end":{"line":7,"column":43}},"7":{"start":{"line":8,"column":0},"end":{"line":8,"column":0}},"8":{"start":{"line":9,"column":0},"end":{"line":9,"column":45}},"9":{"start":{"line":10,"column":0},"end":{"line":10,"column":21}},"10":{"start":{"line":11,"column":0},"end":{"line":11,"column":19}},"11":{"start":{"line":12,"column":0},"end":{"line":12,"column":9}},"12":{"start":{"line":13,"column":0},"end":{"line":13,"column":51}},"13":{"start":{"line":14,"column":0},"end":{"line":14,"column":22}},"14":{"start":{"line":15,"column":0},"end":{"line":15,"column":19}},"15":{"start":{"line":16,"column":0},"end":{"line":16,"column":81}},"16":{"start":{"line":17,"column":0},"end":{"line":17,"column":15}},"17":{"start":{"line":18,"column":0},"end":{"line":18,"column":24}},"18":{"start":{"line":19,"column":0},"end":{"line":19,"column":5}},"19":{"start":{"line":20,"column":0},"end":{"line":20,"column":23}},"20":{"start":{"line":21,"column":0},"end":{"line":21,"column":53}},"21":{"start":{"line":22,"column":0},"end":{"line":22,"column":21}},"22":{"start":{"line":23,"column":0},"end":{"line":23,"column":19}},"23":{"start":{"line":24,"column":0},"end":{"line":24,"column":9}},"24":{"start":{"line":25,"column":0},"end":{"line":25,"column":56}},"25":{"start":{"line":26,"column":0},"end":{"line":26,"column":74}},"26":{"start":{"line":27,"column":0},"end":{"line":27,"column":6}},"27":{"start":{"line":28,"column":0},"end":{"line":28,"column":51}},"28":{"start":{"line":29,"column":0},"end":{"line":29,"column":26}},"29":{"start":{"line":30,"column":0},"end":{"line":30,"column":18}},"30":{"start":{"line":31,"column":0},"end":{"line":31,"column":19}},"31":{"start":{"line":32,"column":0},"end":{"line":32,"column":78}},"32":{"start":{"line":33,"column":0},"end":{"line":33,"column":19}},"33":{"start":{"line":34,"column":0},"end":{"line":34,"column":15}},"34":{"start":{"line":35,"column":0},"end":{"line":35,"column":24}},"35":{"start":{"line":36,"column":0},"end":{"line":36,"column":5}},"36":{"start":{"line":37,"column":0},"end":{"line":37,"column":23}},"37":{"start":{"line":38,"column":0},"end":{"line":38,"column":0}},"38":{"start":{"line":39,"column":0},"end":{"line":39,"column":57}},"39":{"start":{"line":40,"column":0},"end":{"line":40,"column":2}}},"s":{"0":1,"1":1,"2":1,"3":1,"4":6,"5":6,"6":6,"7":6,"8":6,"9":2,"10":2,"11":2,"12":2,"13":2,"14":2,"15":1,"16":2,"17":2,"18":2,"19":6,"20":6,"21":1,"22":1,"23":1,"24":1,"25":1,"26":1,"27":1,"28":1,"29":1,"30":1,"31":0,"32":0,"33":1,"34":1,"35":1,"36":6,"37":6,"38":6,"39":6},"branchMap":{"0":{"type":"branch","line":4,"loc":{"start":{"line":4,"column":26},"end":{"line":40,"column":2}},"locations":[{"start":{"line":4,"column":26},"end":{"line":40,"column":2}}]},"1":{"type":"branch","line":9,"loc":{"start":{"line":9,"column":32},"end":{"line":20,"column":3}},"locations":[{"start":{"line":9,"column":32},"end":{"line":20,"column":3}}]},"2":{"type":"branch","line":15,"loc":{"start":{"line":15,"column":6},"end":{"line":17,"column":5}},"locations":[{"start":{"line":15,"column":6},"end":{"line":17,"column":5}}]},"3":{"type":"branch","line":21,"loc":{"start":{"line":21,"column":33},"end":{"line":37,"column":3}},"locations":[{"start":{"line":21,"column":33},"end":{"line":37,"column":3}}]},"4":{"type":"branch","line":31,"loc":{"start":{"line":31,"column":6},"end":{"line":34,"column":6}},"locations":[{"start":{"line":31,"column":6},"end":{"line":34,"column":6}}]}},"b":{"0":[6],"1":[2],"2":[1],"3":[1],"4":[0]},"fnMap":{"0":{"name":"useMockApi","decl":{"start":{"line":4,"column":26},"end":{"line":40,"column":2}},"loc":{"start":{"line":4,"column":26},"end":{"line":40,"column":2}},"line":4}},"f":{"0":6}}
,"C:\\Users\\pipeq\\Desktop\\Proyecto-SmartLogix-React\\src\\core\\services\\authService.js": {"path":"C:\\Users\\pipeq\\Desktop\\Proyecto-SmartLogix-React\\src\\core\\services\\authService.js","all":false,"statementMap":{"0":{"start":{"line":1,"column":0},"end":{"line":1,"column":53}},"1":{"start":{"line":2,"column":0},"end":{"line":2,"column":0}},"2":{"start":{"line":3,"column":0},"end":{"line":3,"column":49}},"3":{"start":{"line":4,"column":0},"end":{"line":4,"column":7}},"4":{"start":{"line":5,"column":0},"end":{"line":5,"column":59}},"5":{"start":{"line":6,"column":0},"end":{"line":6,"column":21}},"6":{"start":{"line":7,"column":0},"end":{"line":7,"column":16}},"7":{"start":{"line":8,"column":0},"end":{"line":8,"column":43}},"8":{"start":{"line":9,"column":0},"end":{"line":9,"column":8}},"9":{"start":{"line":10,"column":0},"end":{"line":10,"column":40}},"10":{"start":{"line":11,"column":0},"end":{"line":11,"column":7}},"11":{"start":{"line":12,"column":0},"end":{"line":12,"column":0}},"12":{"start":{"line":13,"column":0},"end":{"line":13,"column":23}},"13":{"start":{"line":14,"column":0},"end":{"line":14,"column":71}},"14":{"start":{"line":15,"column":0},"end":{"line":15,"column":5}},"15":{"start":{"line":16,"column":0},"end":{"line":16,"column":0}},"16":{"start":{"line":17,"column":0},"end":{"line":17,"column":85}},"17":{"start":{"line":18,"column":0},"end":{"line":18,"column":39}},"18":{"start":{"line":19,"column":0},"end":{"line":19,"column":4}},"19":{"start":{"line":20,"column":0},"end":{"line":20,"column":76}},"20":{"start":{"line":21,"column":0},"end":{"line":21,"column":55}},"21":{"start":{"line":22,"column":0},"end":{"line":22,"column":4}},"22":{"start":{"line":23,"column":0},"end":{"line":23,"column":16}},"23":{"start":{"line":24,"column":0},"end":{"line":24,"column":19}},"24":{"start":{"line":25,"column":0},"end":{"line":25,"column":48}},"25":{"start":{"line":26,"column":0},"end":{"line":26,"column":16}},"26":{"start":{"line":27,"column":0},"end":{"line":27,"column":3}},"27":{"start":{"line":28,"column":0},"end":{"line":28,"column":2}},"28":{"start":{"line":29,"column":0},"end":{"line":29,"column":0}},"29":{"start":{"line":30,"column":0},"end":{"line":30,"column":33}},"30":{"start":{"line":31,"column":0},"end":{"line":31,"column":44}},"31":{"start":{"line":32,"column":0},"end":{"line":32,"column":2}}},"s":{"0":1,"1":1,"2":1,"3":2,"4":2,"5":2,"6":2,"7":2,"8":2,"9":2,"10":2,"11":2,"12":2,"13":1,"14":1,"15":1,"16":1,"17":1,"18":1,"19":1,"20":1,"21":1,"22":1,"23":1,"24":1,"25":1,"26":1,"27":2,"28":1,"29":1,"30":1,"31":1},"branchMap":{"0":{"type":"branch","line":3,"loc":{"start":{"line":3,"column":25},"end":{"line":28,"column":2}},"locations":[{"start":{"line":3,"column":25},"end":{"line":28,"column":2}}]},"1":{"type":"branch","line":13,"loc":{"start":{"line":13,"column":22},"end":{"line":27,"column":3}},"locations":[{"start":{"line":13,"column":22},"end":{"line":27,"column":3}}]},"2":{"type":"branch","line":30,"loc":{"start":{"line":30,"column":26},"end":{"line":32,"column":2}},"locations":[{"start":{"line":30,"column":26},"end":{"line":32,"column":2}}]}},"b":{"0":[2],"1":[1],"2":[1]},"fnMap":{"0":{"name":"loginReal","decl":{"start":{"line":3,"column":25},"end":{"line":28,"column":2}},"loc":{"start":{"line":3,"column":25},"end":{"line":28,"column":2}},"line":3},"1":{"name":"logoutReal","decl":{"start":{"line":30,"column":26},"end":{"line":32,"column":2}},"loc":{"start":{"line":30,"column":26},"end":{"line":32,"column":2}},"line":30}},"f":{"0":2,"1":1}}
,"C:\\Users\\pipeq\\Desktop\\Proyecto-SmartLogix-React\\src\\core\\storage\\mockDatabase.js": {"path":"C:\\Users\\pipeq\\Desktop\\Proyecto-SmartLogix-React\\src\\core\\storage\\mockDatabase.js","all":false,"statementMap":{"0":{"start":{"line":1,"column":0},"end":{"line":1,"column":21}},"1":{"start":{"line":2,"column":0},"end":{"line":2,"column":10}},"2":{"start":{"line":3,"column":0},"end":{"line":3,"column":99}},"3":{"start":{"line":4,"column":0},"end":{"line":4,"column":4}},"4":{"start":{"line":5,"column":0},"end":{"line":5,"column":14}},"5":{"start":{"line":6,"column":0},"end":{"line":6,"column":83}},"6":{"start":{"line":7,"column":0},"end":{"line":7,"column":90}},"7":{"start":{"line":8,"column":0},"end":{"line":8,"column":88}},"8":{"start":{"line":9,"column":0},"end":{"line":9,"column":4}},"9":{"start":{"line":10,"column":0},"end":{"line":10,"column":12}},"10":{"start":{"line":11,"column":0},"end":{"line":11,"column":2}},"11":{"start":{"line":12,"column":0},"end":{"line":12,"column":0}},"12":{"start":{"line":13,"column":0},"end":{"line":13,"column":33}},"13":{"start":{"line":14,"column":0},"end":{"line":14,"column":47}},"14":{"start":{"line":15,"column":0},"end":{"line":15,"column":71}},"15":{"start":{"line":16,"column":0},"end":{"line":16,"column":3}},"16":{"start":{"line":17,"column":0},"end":{"line":17,"column":2}},"17":{"start":{"line":18,"column":0},"end":{"line":18,"column":0}},"18":{"start":{"line":19,"column":0},"end":{"line":19,"column":46}},"19":{"start":{"line":20,"column":0},"end":{"line":20,"column":63}},"20":{"start":{"line":21,"column":0},"end":{"line":21,"column":30}},"21":{"start":{"line":22,"column":0},"end":{"line":22,"column":2}},"22":{"start":{"line":23,"column":0},"end":{"line":23,"column":0}},"23":{"start":{"line":24,"column":0},"end":{"line":24,"column":0}},"24":{"start":{"line":25,"column":0},"end":{"line":25,"column":55}},"25":{"start":{"line":26,"column":0},"end":{"line":26,"column":63}},"26":{"start":{"line":27,"column":0},"end":{"line":27,"column":24}},"27":{"start":{"line":28,"column":0},"end":{"line":28,"column":60}},"28":{"start":{"line":29,"column":0},"end":{"line":29,"column":2}}},"s":{"0":1,"1":1,"2":1,"3":1,"4":1,"5":1,"6":1,"7":1,"8":1,"9":1,"10":1,"11":1,"12":1,"13":3,"14":3,"15":3,"16":3,"17":1,"18":1,"19":3,"20":3,"21":3,"22":1,"23":1,"24":1,"25":1,"26":1,"27":1,"28":1},"branchMap":{"0":{"type":"branch","line":13,"loc":{"start":{"line":13,"column":26},"end":{"line":17,"column":2}},"locations":[{"start":{"line":13,"column":26},"end":{"line":17,"column":2}}]},"1":{"type":"branch","line":19,"loc":{"start":{"line":19,"column":29},"end":{"line":22,"column":2}},"locations":[{"start":{"line":19,"column":29},"end":{"line":22,"column":2}}]},"2":{"type":"branch","line":21,"loc":{"start":{"line":21,"column":24},"end":{"line":21,"column":29}},"locations":[{"start":{"line":21,"column":24},"end":{"line":21,"column":29}}]},"3":{"type":"branch","line":25,"loc":{"start":{"line":25,"column":32},"end":{"line":29,"column":2}},"locations":[{"start":{"line":25,"column":32},"end":{"line":29,"column":2}}]}},"b":{"0":[3],"1":[3],"2":[1],"3":[1]},"fnMap":{"0":{"name":"initMockDB","decl":{"start":{"line":13,"column":26},"end":{"line":17,"column":2}},"loc":{"start":{"line":13,"column":26},"end":{"line":17,"column":2}},"line":13},"1":{"name":"getCollection","decl":{"start":{"line":19,"column":29},"end":{"line":22,"column":2}},"loc":{"start":{"line":19,"column":29},"end":{"line":22,"column":2}},"line":19},"2":{"name":"saveToCollection","decl":{"start":{"line":25,"column":32},"end":{"line":29,"column":2}},"loc":{"start":{"line":25,"column":32},"end":{"line":29,"column":2}},"line":25}},"f":{"0":3,"1":3,"2":1}}
,"C:\\Users\\pipeq\\Desktop\\Proyecto-SmartLogix-React\\src\\modules\\auth\\LoginForm.jsx": {"path":"C:\\Users\\pipeq\\Desktop\\Proyecto-SmartLogix-React\\src\\modules\\auth\\LoginForm.jsx","all":false,"statementMap":{"0":{"start":{"line":1,"column":0},"end":{"line":1,"column":53}},"1":{"start":{"line":2,"column":0},"end":{"line":2,"column":48}},"2":{"start":{"line":3,"column":0},"end":{"line":3,"column":52}},"3":{"start":{"line":4,"column":0},"end":{"line":4,"column":0}},"4":{"start":{"line":5,"column":0},"end":{"line":5,"column":36}},"5":{"start":{"line":6,"column":0},"end":{"line":6,"column":78}},"6":{"start":{"line":7,"column":0},"end":{"line":7,"column":41}},"7":{"start":{"line":8,"column":0},"end":{"line":8,"column":48}},"8":{"start":{"line":9,"column":0},"end":{"line":9,"column":0}},"9":{"start":{"line":10,"column":0},"end":{"line":10,"column":43}},"10":{"start":{"line":11,"column":0},"end":{"line":11,"column":37}},"11":{"start":{"line":12,"column":0},"end":{"line":12,"column":57}},"12":{"start":{"line":13,"column":0},"end":{"line":13,"column":9}},"13":{"start":{"line":14,"column":0},"end":{"line":14,"column":0}},"14":{"start":{"line":15,"column":0},"end":{"line":15,"column":49}},"15":{"start":{"line":16,"column":0},"end":{"line":16,"column":23}},"16":{"start":{"line":17,"column":0},"end":{"line":17,"column":17}},"17":{"start":{"line":18,"column":0},"end":{"line":18,"column":21}},"18":{"start":{"line":19,"column":0},"end":{"line":19,"column":4}},"19":{"start":{"line":20,"column":0},"end":{"line":20,"column":9}},"20":{"start":{"line":21,"column":0},"end":{"line":21,"column":72}},"21":{"start":{"line":22,"column":0},"end":{"line":22,"column":23}},"22":{"start":{"line":23,"column":0},"end":{"line":23,"column":18}},"23":{"start":{"line":24,"column":0},"end":{"line":24,"column":45}},"24":{"start":{"line":25,"column":0},"end":{"line":25,"column":10}},"25":{"start":{"line":26,"column":0},"end":{"line":26,"column":42}},"26":{"start":{"line":27,"column":0},"end":{"line":27,"column":9}},"27":{"start":{"line":28,"column":0},"end":{"line":28,"column":0}},"28":{"start":{"line":29,"column":0},"end":{"line":29,"column":25}},"29":{"start":{"line":30,"column":0},"end":{"line":30,"column":86}},"30":{"start":{"line":31,"column":0},"end":{"line":31,"column":7}},"31":{"start":{"line":32,"column":0},"end":{"line":32,"column":45}},"32":{"start":{"line":33,"column":0},"end":{"line":33,"column":6}},"33":{"start":{"line":34,"column":0},"end":{"line":34,"column":39}},"34":{"start":{"line":35,"column":0},"end":{"line":35,"column":63}},"35":{"start":{"line":36,"column":0},"end":{"line":36,"column":69}},"36":{"start":{"line":37,"column":0},"end":{"line":37,"column":69}},"37":{"start":{"line":38,"column":0},"end":{"line":38,"column":69}},"38":{"start":{"line":39,"column":0},"end":{"line":39,"column":7}},"39":{"start":{"line":40,"column":0},"end":{"line":40,"column":24}},"40":{"start":{"line":41,"column":0},"end":{"line":41,"column":19}},"41":{"start":{"line":42,"column":0},"end":{"line":42,"column":81}},"42":{"start":{"line":43,"column":0},"end":{"line":43,"column":30}},"43":{"start":{"line":44,"column":0},"end":{"line":44,"column":14}},"44":{"start":{"line":45,"column":0},"end":{"line":45,"column":55}},"45":{"start":{"line":46,"column":0},"end":{"line":46,"column":7}},"46":{"start":{"line":47,"column":0},"end":{"line":47,"column":15}},"47":{"start":{"line":48,"column":0},"end":{"line":48,"column":24}},"48":{"start":{"line":49,"column":0},"end":{"line":49,"column":5}},"49":{"start":{"line":50,"column":0},"end":{"line":50,"column":29}},"50":{"start":{"line":51,"column":0},"end":{"line":51,"column":0}},"51":{"start":{"line":52,"column":0},"end":{"line":52,"column":10}},"52":{"start":{"line":53,"column":0},"end":{"line":53,"column":83}},"53":{"start":{"line":54,"column":0},"end":{"line":54,"column":39}},"54":{"start":{"line":55,"column":0},"end":{"line":55,"column":43}},"55":{"start":{"line":56,"column":0},"end":{"line":56,"column":62}},"56":{"start":{"line":57,"column":0},"end":{"line":57,"column":23}},"57":{"start":{"line":58,"column":0},"end":{"line":58,"column":85}},"58":{"start":{"line":59,"column":0},"end":{"line":59,"column":23}},"59":{"start":{"line":60,"column":0},"end":{"line":60,"column":20}},"60":{"start":{"line":61,"column":0},"end":{"line":61,"column":14}},"61":{"start":{"line":62,"column":0},"end":{"line":62,"column":17}},"62":{"start":{"line":63,"column":0},"end":{"line":63,"column":109}},"63":{"start":{"line":64,"column":0},"end":{"line":64,"column":34}},"64":{"start":{"line":65,"column":0},"end":{"line":65,"column":22}},"65":{"start":{"line":66,"column":0},"end":{"line":66,"column":20}},"66":{"start":{"line":67,"column":0},"end":{"line":67,"column":31}},"67":{"start":{"line":68,"column":0},"end":{"line":68,"column":28}},"68":{"start":{"line":69,"column":0},"end":{"line":69,"column":28}},"69":{"start":{"line":70,"column":0},"end":{"line":70,"column":41}},"70":{"start":{"line":71,"column":0},"end":{"line":71,"column":39}},"71":{"start":{"line":72,"column":0},"end":{"line":72,"column":134}},"72":{"start":{"line":73,"column":0},"end":{"line":73,"column":24}},"73":{"start":{"line":74,"column":0},"end":{"line":74,"column":16}},"74":{"start":{"line":75,"column":0},"end":{"line":75,"column":18}},"75":{"start":{"line":76,"column":0},"end":{"line":76,"column":17}},"76":{"start":{"line":77,"column":0},"end":{"line":77,"column":112}},"77":{"start":{"line":78,"column":0},"end":{"line":78,"column":26}},"78":{"start":{"line":79,"column":0},"end":{"line":79,"column":22}},"79":{"start":{"line":80,"column":0},"end":{"line":80,"column":20}},"80":{"start":{"line":81,"column":0},"end":{"line":81,"column":34}},"81":{"start":{"line":82,"column":0},"end":{"line":82,"column":31}},"82":{"start":{"line":83,"column":0},"end":{"line":83,"column":31}},"83":{"start":{"line":84,"column":0},"end":{"line":84,"column":44}},"84":{"start":{"line":85,"column":0},"end":{"line":85,"column":39}},"85":{"start":{"line":86,"column":0},"end":{"line":86,"column":134}},"86":{"start":{"line":87,"column":0},"end":{"line":87,"column":24}},"87":{"start":{"line":88,"column":0},"end":{"line":88,"column":16}},"88":{"start":{"line":89,"column":0},"end":{"line":89,"column":18}},"89":{"start":{"line":90,"column":0},"end":{"line":90,"column":54}},"90":{"start":{"line":91,"column":0},"end":{"line":91,"column":55}},"91":{"start":{"line":92,"column":0},"end":{"line":92,"column":62}},"92":{"start":{"line":93,"column":0},"end":{"line":93,"column":23}},"93":{"start":{"line":94,"column":0},"end":{"line":94,"column":18}},"94":{"start":{"line":95,"column":0},"end":{"line":95,"column":17}},"95":{"start":{"line":96,"column":0},"end":{"line":96,"column":15}},"96":{"start":{"line":97,"column":0},"end":{"line":97,"column":12}},"97":{"start":{"line":98,"column":0},"end":{"line":98,"column":10}},"98":{"start":{"line":99,"column":0},"end":{"line":99,"column":4}},"99":{"start":{"line":100,"column":0},"end":{"line":100,"column":2}},"100":{"start":{"line":101,"column":0},"end":{"line":101,"column":0}},"101":{"start":{"line":102,"column":0},"end":{"line":102,"column":37}}},"s":{"0":1,"1":1,"2":1,"3":1,"4":1,"5":745,"6":745,"7":745,"8":745,"9":745,"10":669,"11":669,"12":745,"13":745,"14":745,"15":25,"16":25,"17":25,"18":25,"19":25,"20":25,"21":25,"22":25,"23":25,"24":25,"25":25,"26":25,"27":23,"28":25,"29":6,"30":6,"31":17,"32":17,"33":25,"34":17,"35":17,"36":17,"37":17,"38":17,"39":17,"40":23,"41":8,"42":6,"43":8,"44":2,"45":2,"46":25,"47":25,"48":25,"49":745,"50":745,"51":745,"52":745,"53":745,"54":745,"55":745,"56":745,"57":28,"58":28,"59":28,"60":745,"61":745,"62":745,"63":745,"64":745,"65":745,"66":745,"67":745,"68":745,"69":745,"70":745,"71":745,"72":745,"73":745,"74":745,"75":745,"76":745,"77":745,"78":745,"79":745,"80":745,"81":745,"82":745,"83":745,"84":745,"85":745,"86":745,"87":745,"88":745,"89":745,"90":745,"91":745,"92":745,"93":745,"94":745,"95":745,"96":745,"97":745,"98":745,"99":745,"100":1,"101":1},"branchMap":{"0":{"type":"branch","line":5,"loc":{"start":{"line":5,"column":18},"end":{"line":100,"column":2}},"locations":[{"start":{"line":5,"column":18},"end":{"line":100,"column":2}}]},"1":{"type":"branch","line":57,"loc":{"start":{"line":57,"column":13},"end":{"line":60,"column":20}},"locations":[{"start":{"line":57,"column":13},"end":{"line":60,"column":20}}]},"2":{"type":"branch","line":92,"loc":{"start":{"line":92,"column":17},"end":{"line":92,"column":45}},"locations":[{"start":{"line":92,"column":17},"end":{"line":92,"column":45}}]},"3":{"type":"branch","line":92,"loc":{"start":{"line":92,"column":27},"end":{"line":92,"column":62}},"locations":[{"start":{"line":92,"column":27},"end":{"line":92,"column":62}}]},"4":{"type":"branch","line":10,"loc":{"start":{"line":10,"column":35},"end":{"line":13,"column":5}},"locations":[{"start":{"line":10,"column":35},"end":{"line":13,"column":5}}]},"5":{"type":"branch","line":12,"loc":{"start":{"line":12,"column":19},"end":{"line":12,"column":55}},"locations":[{"start":{"line":12,"column":19},"end":{"line":12,"column":55}}]},"6":{"type":"branch","line":15,"loc":{"start":{"line":15,"column":35},"end":{"line":50,"column":5}},"locations":[{"start":{"line":15,"column":35},"end":{"line":50,"column":5}}]},"7":{"type":"branch","line":27,"loc":{"start":{"line":27,"column":7},"end":{"line":29,"column":24}},"locations":[{"start":{"line":27,"column":7},"end":{"line":29,"column":24}}]},"8":{"type":"branch","line":29,"loc":{"start":{"line":29,"column":24},"end":{"line":34,"column":38}},"locations":[{"start":{"line":29,"column":24},"end":{"line":34,"column":38}}]},"9":{"type":"branch","line":29,"loc":{"start":{"line":29,"column":24},"end":{"line":31,"column":7}},"locations":[{"start":{"line":29,"column":24},"end":{"line":31,"column":7}}]},"10":{"type":"branch","line":31,"loc":{"start":{"line":31,"column":6},"end":{"line":34,"column":38}},"locations":[{"start":{"line":31,"column":6},"end":{"line":34,"column":38}}]},"11":{"type":"branch","line":34,"loc":{"start":{"line":34,"column":38},"end":{"line":47,"column":6}},"locations":[{"start":{"line":34,"column":38},"end":{"line":47,"column":6}}]},"12":{"type":"branch","line":34,"loc":{"start":{"line":34,"column":38},"end":{"line":41,"column":13}},"locations":[{"start":{"line":34,"column":38},"end":{"line":41,"column":13}}]},"13":{"type":"branch","line":41,"loc":{"start":{"line":41,"column":4},"end":{"line":47,"column":6}},"locations":[{"start":{"line":41,"column":4},"end":{"line":47,"column":6}}]},"14":{"type":"branch","line":42,"loc":{"start":{"line":42,"column":80},"end":{"line":44,"column":13}},"locations":[{"start":{"line":42,"column":80},"end":{"line":44,"column":13}}]},"15":{"type":"branch","line":44,"loc":{"start":{"line":44,"column":6},"end":{"line":46,"column":7}},"locations":[{"start":{"line":44,"column":6},"end":{"line":46,"column":7}}]}},"b":{"0":[745],"1":[28],"2":[25],"3":[720],"4":[669],"5":[669],"6":[25],"7":[23],"8":[18],"9":[6],"10":[17],"11":[23],"12":[17],"13":[8],"14":[6],"15":[2]},"fnMap":{"0":{"name":"LoginForm","decl":{"start":{"line":5,"column":18},"end":{"line":100,"column":2}},"loc":{"start":{"line":5,"column":18},"end":{"line":100,"column":2}},"line":5}},"f":{"0":745}}
,"C:\\Users\\pipeq\\Desktop\\Proyecto-SmartLogix-React\\src\\modules\\inventory\\InventoryView.jsx": {"path":"C:\\Users\\pipeq\\Desktop\\Proyecto-SmartLogix-React\\src\\modules\\inventory\\InventoryView.jsx","all":false,"statementMap":{"0":{"start":{"line":1,"column":0},"end":{"line":1,"column":60}},"1":{"start":{"line":2,"column":0},"end":{"line":2,"column":48}},"2":{"start":{"line":3,"column":0},"end":{"line":3,"column":52}},"3":{"start":{"line":4,"column":0},"end":{"line":4,"column":0}},"4":{"start":{"line":5,"column":0},"end":{"line":5,"column":72}},"5":{"start":{"line":6,"column":0},"end":{"line":6,"column":5}},"6":{"start":{"line":7,"column":0},"end":{"line":7,"column":89}},"7":{"start":{"line":8,"column":0},"end":{"line":8,"column":30}},"8":{"start":{"line":9,"column":0},"end":{"line":9,"column":3}},"9":{"start":{"line":10,"column":0},"end":{"line":10,"column":14}},"10":{"start":{"line":11,"column":0},"end":{"line":11,"column":0}},"11":{"start":{"line":12,"column":0},"end":{"line":12,"column":29}},"12":{"start":{"line":13,"column":0},"end":{"line":13,"column":47}},"13":{"start":{"line":14,"column":0},"end":{"line":14,"column":48}},"14":{"start":{"line":15,"column":0},"end":{"line":15,"column":43}},"15":{"start":{"line":16,"column":0},"end":{"line":16,"column":50}},"16":{"start":{"line":17,"column":0},"end":{"line":17,"column":61}},"17":{"start":{"line":18,"column":0},"end":{"line":18,"column":0}},"18":{"start":{"line":19,"column":0},"end":{"line":19,"column":44}},"19":{"start":{"line":20,"column":0},"end":{"line":20,"column":13}},"20":{"start":{"line":21,"column":0},"end":{"line":21,"column":15}},"21":{"start":{"line":22,"column":0},"end":{"line":22,"column":5}},"22":{"start":{"line":23,"column":0},"end":{"line":23,"column":0}},"23":{"start":{"line":24,"column":0},"end":{"line":24,"column":37}},"24":{"start":{"line":25,"column":0},"end":{"line":25,"column":9}},"25":{"start":{"line":26,"column":0},"end":{"line":26,"column":23}},"26":{"start":{"line":27,"column":0},"end":{"line":27,"column":21}},"27":{"start":{"line":28,"column":0},"end":{"line":28,"column":0}},"28":{"start":{"line":29,"column":0},"end":{"line":29,"column":59}},"29":{"start":{"line":30,"column":0},"end":{"line":30,"column":23}},"30":{"start":{"line":31,"column":0},"end":{"line":31,"column":43}},"31":{"start":{"line":32,"column":0},"end":{"line":32,"column":8}},"32":{"start":{"line":33,"column":0},"end":{"line":33,"column":0}},"33":{"start":{"line":34,"column":0},"end":{"line":34,"column":18}},"34":{"start":{"line":35,"column":0},"end":{"line":35,"column":53}},"35":{"start":{"line":36,"column":0},"end":{"line":36,"column":7}},"36":{"start":{"line":37,"column":0},"end":{"line":37,"column":0}},"37":{"start":{"line":38,"column":0},"end":{"line":38,"column":70}},"38":{"start":{"line":39,"column":0},"end":{"line":39,"column":22}},"39":{"start":{"line":40,"column":0},"end":{"line":40,"column":24}},"40":{"start":{"line":41,"column":0},"end":{"line":41,"column":9}},"41":{"start":{"line":42,"column":0},"end":{"line":42,"column":0}},"42":{"start":{"line":43,"column":0},"end":{"line":43,"column":25}},"43":{"start":{"line":44,"column":0},"end":{"line":44,"column":76}},"44":{"start":{"line":45,"column":0},"end":{"line":45,"column":7}},"45":{"start":{"line":46,"column":0},"end":{"line":46,"column":0}},"46":{"start":{"line":47,"column":0},"end":{"line":47,"column":41}},"47":{"start":{"line":48,"column":0},"end":{"line":48,"column":58}},"48":{"start":{"line":49,"column":0},"end":{"line":49,"column":30}},"49":{"start":{"line":50,"column":0},"end":{"line":50,"column":19}},"50":{"start":{"line":51,"column":0},"end":{"line":51,"column":41}},"51":{"start":{"line":52,"column":0},"end":{"line":52,"column":67}},"52":{"start":{"line":53,"column":0},"end":{"line":53,"column":15}},"53":{"start":{"line":54,"column":0},"end":{"line":54,"column":24}},"54":{"start":{"line":55,"column":0},"end":{"line":55,"column":5}},"55":{"start":{"line":56,"column":0},"end":{"line":56,"column":4}},"56":{"start":{"line":57,"column":0},"end":{"line":57,"column":0}},"57":{"start":{"line":58,"column":0},"end":{"line":58,"column":19}},"58":{"start":{"line":59,"column":0},"end":{"line":59,"column":20}},"59":{"start":{"line":60,"column":0},"end":{"line":60,"column":9}},"60":{"start":{"line":61,"column":0},"end":{"line":61,"column":0}},"61":{"start":{"line":62,"column":0},"end":{"line":62,"column":36}},"62":{"start":{"line":63,"column":0},"end":{"line":63,"column":37}},"63":{"start":{"line":64,"column":0},"end":{"line":64,"column":26}},"64":{"start":{"line":65,"column":0},"end":{"line":65,"column":14}},"65":{"start":{"line":66,"column":0},"end":{"line":66,"column":19}},"66":{"start":{"line":67,"column":0},"end":{"line":67,"column":8}},"67":{"start":{"line":68,"column":0},"end":{"line":68,"column":4}},"68":{"start":{"line":69,"column":0},"end":{"line":69,"column":0}},"69":{"start":{"line":70,"column":0},"end":{"line":70,"column":40}},"70":{"start":{"line":71,"column":0},"end":{"line":71,"column":31}},"71":{"start":{"line":72,"column":0},"end":{"line":72,"column":17}},"72":{"start":{"line":73,"column":0},"end":{"line":73,"column":25}},"73":{"start":{"line":74,"column":0},"end":{"line":74,"column":37}},"74":{"start":{"line":75,"column":0},"end":{"line":75,"column":7}},"75":{"start":{"line":76,"column":0},"end":{"line":76,"column":22}},"76":{"start":{"line":77,"column":0},"end":{"line":77,"column":9}},"77":{"start":{"line":78,"column":0},"end":{"line":78,"column":54}},"78":{"start":{"line":79,"column":0},"end":{"line":79,"column":17}},"79":{"start":{"line":80,"column":0},"end":{"line":80,"column":58}},"80":{"start":{"line":81,"column":0},"end":{"line":81,"column":5}},"81":{"start":{"line":82,"column":0},"end":{"line":82,"column":4}},"82":{"start":{"line":83,"column":0},"end":{"line":83,"column":0}},"83":{"start":{"line":84,"column":0},"end":{"line":84,"column":34}},"84":{"start":{"line":85,"column":0},"end":{"line":85,"column":19}},"85":{"start":{"line":86,"column":0},"end":{"line":86,"column":25}},"86":{"start":{"line":87,"column":0},"end":{"line":87,"column":30}},"87":{"start":{"line":88,"column":0},"end":{"line":88,"column":45}},"88":{"start":{"line":89,"column":0},"end":{"line":89,"column":12}},"89":{"start":{"line":90,"column":0},"end":{"line":90,"column":24}},"90":{"start":{"line":91,"column":0},"end":{"line":91,"column":5}},"91":{"start":{"line":92,"column":0},"end":{"line":92,"column":4}},"92":{"start":{"line":93,"column":0},"end":{"line":93,"column":0}},"93":{"start":{"line":94,"column":0},"end":{"line":94,"column":44}},"94":{"start":{"line":95,"column":0},"end":{"line":95,"column":23}},"95":{"start":{"line":96,"column":0},"end":{"line":96,"column":0}},"96":{"start":{"line":97,"column":0},"end":{"line":97,"column":57}},"97":{"start":{"line":98,"column":0},"end":{"line":98,"column":80}},"98":{"start":{"line":99,"column":0},"end":{"line":99,"column":13}},"99":{"start":{"line":100,"column":0},"end":{"line":100,"column":5}},"100":{"start":{"line":101,"column":0},"end":{"line":101,"column":0}},"101":{"start":{"line":102,"column":0},"end":{"line":102,"column":44}},"102":{"start":{"line":103,"column":0},"end":{"line":103,"column":21}},"103":{"start":{"line":104,"column":0},"end":{"line":104,"column":26}},"104":{"start":{"line":105,"column":0},"end":{"line":105,"column":25}},"105":{"start":{"line":106,"column":0},"end":{"line":106,"column":29}},"106":{"start":{"line":107,"column":0},"end":{"line":107,"column":25}},"107":{"start":{"line":108,"column":0},"end":{"line":108,"column":6}},"108":{"start":{"line":109,"column":0},"end":{"line":109,"column":0}},"109":{"start":{"line":110,"column":0},"end":{"line":110,"column":9}},"110":{"start":{"line":111,"column":0},"end":{"line":111,"column":23}},"111":{"start":{"line":112,"column":0},"end":{"line":112,"column":21}},"112":{"start":{"line":113,"column":0},"end":{"line":113,"column":0}},"113":{"start":{"line":114,"column":0},"end":{"line":114,"column":59}},"114":{"start":{"line":115,"column":0},"end":{"line":115,"column":23}},"115":{"start":{"line":116,"column":0},"end":{"line":116,"column":43}},"116":{"start":{"line":117,"column":0},"end":{"line":117,"column":8}},"117":{"start":{"line":118,"column":0},"end":{"line":118,"column":0}},"118":{"start":{"line":119,"column":0},"end":{"line":119,"column":18}},"119":{"start":{"line":120,"column":0},"end":{"line":120,"column":53}},"120":{"start":{"line":121,"column":0},"end":{"line":121,"column":7}},"121":{"start":{"line":122,"column":0},"end":{"line":122,"column":33}},"122":{"start":{"line":123,"column":0},"end":{"line":123,"column":64}},"123":{"start":{"line":124,"column":0},"end":{"line":124,"column":43}},"124":{"start":{"line":125,"column":0},"end":{"line":125,"column":6}},"125":{"start":{"line":126,"column":0},"end":{"line":126,"column":53}},"126":{"start":{"line":127,"column":0},"end":{"line":127,"column":0}},"127":{"start":{"line":128,"column":0},"end":{"line":128,"column":41}},"128":{"start":{"line":129,"column":0},"end":{"line":129,"column":23}},"129":{"start":{"line":130,"column":0},"end":{"line":130,"column":25}},"130":{"start":{"line":131,"column":0},"end":{"line":131,"column":37}},"131":{"start":{"line":132,"column":0},"end":{"line":132,"column":9}},"132":{"start":{"line":133,"column":0},"end":{"line":133,"column":0}},"133":{"start":{"line":134,"column":0},"end":{"line":134,"column":25}},"134":{"start":{"line":135,"column":0},"end":{"line":135,"column":110}},"135":{"start":{"line":136,"column":0},"end":{"line":136,"column":7}},"136":{"start":{"line":137,"column":0},"end":{"line":137,"column":45}},"137":{"start":{"line":138,"column":0},"end":{"line":138,"column":30}},"138":{"start":{"line":139,"column":0},"end":{"line":139,"column":25}},"139":{"start":{"line":140,"column":0},"end":{"line":140,"column":6}},"140":{"start":{"line":141,"column":0},"end":{"line":141,"column":28}},"141":{"start":{"line":142,"column":0},"end":{"line":142,"column":0}},"142":{"start":{"line":143,"column":0},"end":{"line":143,"column":19}},"143":{"start":{"line":144,"column":0},"end":{"line":144,"column":28}},"144":{"start":{"line":145,"column":0},"end":{"line":145,"column":24}},"145":{"start":{"line":146,"column":0},"end":{"line":146,"column":5}},"146":{"start":{"line":147,"column":0},"end":{"line":147,"column":4}},"147":{"start":{"line":148,"column":0},"end":{"line":148,"column":0}},"148":{"start":{"line":149,"column":0},"end":{"line":149,"column":38}},"149":{"start":{"line":150,"column":0},"end":{"line":150,"column":45}},"150":{"start":{"line":151,"column":0},"end":{"line":151,"column":14}},"151":{"start":{"line":152,"column":0},"end":{"line":152,"column":116}},"152":{"start":{"line":153,"column":0},"end":{"line":153,"column":56}},"153":{"start":{"line":154,"column":0},"end":{"line":154,"column":14}},"154":{"start":{"line":155,"column":0},"end":{"line":155,"column":8}},"155":{"start":{"line":156,"column":0},"end":{"line":156,"column":5}},"156":{"start":{"line":157,"column":0},"end":{"line":157,"column":0}},"157":{"start":{"line":158,"column":0},"end":{"line":158,"column":12}},"158":{"start":{"line":159,"column":0},"end":{"line":159,"column":39}},"159":{"start":{"line":160,"column":0},"end":{"line":160,"column":81}},"160":{"start":{"line":161,"column":0},"end":{"line":161,"column":65}},"161":{"start":{"line":162,"column":0},"end":{"line":162,"column":16}},"162":{"start":{"line":163,"column":0},"end":{"line":163,"column":128}},"163":{"start":{"line":164,"column":0},"end":{"line":164,"column":134}},"164":{"start":{"line":165,"column":0},"end":{"line":165,"column":144}},"165":{"start":{"line":166,"column":0},"end":{"line":166,"column":143}},"166":{"start":{"line":167,"column":0},"end":{"line":167,"column":139}},"167":{"start":{"line":168,"column":0},"end":{"line":168,"column":136}},"168":{"start":{"line":169,"column":0},"end":{"line":169,"column":17}},"169":{"start":{"line":170,"column":0},"end":{"line":170,"column":18}},"170":{"start":{"line":171,"column":0},"end":{"line":171,"column":54}},"171":{"start":{"line":172,"column":0},"end":{"line":172,"column":40}},"172":{"start":{"line":173,"column":0},"end":{"line":173,"column":82}},"173":{"start":{"line":174,"column":0},"end":{"line":174,"column":110}},"174":{"start":{"line":175,"column":0},"end":{"line":175,"column":123}},"175":{"start":{"line":176,"column":0},"end":{"line":176,"column":90}},"176":{"start":{"line":177,"column":0},"end":{"line":177,"column":177}},"177":{"start":{"line":178,"column":0},"end":{"line":178,"column":47}},"178":{"start":{"line":179,"column":0},"end":{"line":179,"column":25}},"179":{"start":{"line":180,"column":0},"end":{"line":180,"column":21}},"180":{"start":{"line":181,"column":0},"end":{"line":181,"column":135}},"181":{"start":{"line":182,"column":0},"end":{"line":182,"column":144}},"182":{"start":{"line":183,"column":0},"end":{"line":183,"column":90}},"183":{"start":{"line":184,"column":0},"end":{"line":184,"column":26}},"184":{"start":{"line":185,"column":0},"end":{"line":185,"column":60}},"185":{"start":{"line":186,"column":0},"end":{"line":186,"column":95}},"186":{"start":{"line":187,"column":0},"end":{"line":187,"column":19}},"187":{"start":{"line":188,"column":0},"end":{"line":188,"column":26}},"188":{"start":{"line":189,"column":0},"end":{"line":189,"column":27}},"189":{"start":{"line":190,"column":0},"end":{"line":190,"column":21}},"190":{"start":{"line":191,"column":0},"end":{"line":191,"column":19}},"191":{"start":{"line":192,"column":0},"end":{"line":192,"column":15}},"192":{"start":{"line":193,"column":0},"end":{"line":193,"column":18}},"193":{"start":{"line":194,"column":0},"end":{"line":194,"column":16}},"194":{"start":{"line":195,"column":0},"end":{"line":195,"column":12}},"195":{"start":{"line":196,"column":0},"end":{"line":196,"column":6}},"196":{"start":{"line":197,"column":0},"end":{"line":197,"column":17}},"197":{"start":{"line":198,"column":0},"end":{"line":198,"column":0}},"198":{"start":{"line":199,"column":0},"end":{"line":199,"column":10}},"199":{"start":{"line":200,"column":0},"end":{"line":200,"column":31}},"200":{"start":{"line":201,"column":0},"end":{"line":201,"column":57}},"201":{"start":{"line":202,"column":0},"end":{"line":202,"column":70}},"202":{"start":{"line":203,"column":0},"end":{"line":203,"column":32}},"203":{"start":{"line":204,"column":0},"end":{"line":204,"column":13}},"204":{"start":{"line":205,"column":0},"end":{"line":205,"column":276}},"205":{"start":{"line":206,"column":0},"end":{"line":206,"column":52}},"206":{"start":{"line":207,"column":0},"end":{"line":207,"column":17}},"207":{"start":{"line":208,"column":0},"end":{"line":208,"column":12}},"208":{"start":{"line":209,"column":0},"end":{"line":209,"column":0}},"209":{"start":{"line":210,"column":0},"end":{"line":210,"column":101}},"210":{"start":{"line":211,"column":0},"end":{"line":211,"column":0}},"211":{"start":{"line":212,"column":0},"end":{"line":212,"column":20}},"212":{"start":{"line":213,"column":0},"end":{"line":213,"column":98}},"213":{"start":{"line":214,"column":0},"end":{"line":214,"column":109}},"214":{"start":{"line":215,"column":0},"end":{"line":215,"column":67}},"215":{"start":{"line":216,"column":0},"end":{"line":216,"column":19}},"216":{"start":{"line":217,"column":0},"end":{"line":217,"column":112}},"217":{"start":{"line":218,"column":0},"end":{"line":218,"column":37}},"218":{"start":{"line":219,"column":0},"end":{"line":219,"column":24}},"219":{"start":{"line":220,"column":0},"end":{"line":220,"column":22}},"220":{"start":{"line":221,"column":0},"end":{"line":221,"column":34}},"221":{"start":{"line":222,"column":0},"end":{"line":222,"column":29}},"222":{"start":{"line":223,"column":0},"end":{"line":223,"column":29}},"223":{"start":{"line":224,"column":0},"end":{"line":224,"column":39}},"224":{"start":{"line":225,"column":0},"end":{"line":225,"column":46}},"225":{"start":{"line":226,"column":0},"end":{"line":226,"column":52}},"226":{"start":{"line":227,"column":0},"end":{"line":227,"column":136}},"227":{"start":{"line":228,"column":0},"end":{"line":228,"column":26}},"228":{"start":{"line":229,"column":0},"end":{"line":229,"column":18}},"229":{"start":{"line":230,"column":0},"end":{"line":230,"column":20}},"230":{"start":{"line":231,"column":0},"end":{"line":231,"column":19}},"231":{"start":{"line":232,"column":0},"end":{"line":232,"column":116}},"232":{"start":{"line":233,"column":0},"end":{"line":233,"column":98}},"233":{"start":{"line":234,"column":0},"end":{"line":234,"column":24}},"234":{"start":{"line":235,"column":0},"end":{"line":235,"column":22}},"235":{"start":{"line":236,"column":0},"end":{"line":236,"column":38}},"236":{"start":{"line":237,"column":0},"end":{"line":237,"column":31}},"237":{"start":{"line":238,"column":0},"end":{"line":238,"column":33}},"238":{"start":{"line":239,"column":0},"end":{"line":239,"column":50}},"239":{"start":{"line":240,"column":0},"end":{"line":240,"column":43}},"240":{"start":{"line":241,"column":0},"end":{"line":241,"column":46}},"241":{"start":{"line":242,"column":0},"end":{"line":242,"column":136}},"242":{"start":{"line":243,"column":0},"end":{"line":243,"column":26}},"243":{"start":{"line":244,"column":0},"end":{"line":244,"column":18}},"244":{"start":{"line":245,"column":0},"end":{"line":245,"column":36}},"245":{"start":{"line":246,"column":0},"end":{"line":246,"column":60}},"246":{"start":{"line":247,"column":0},"end":{"line":247,"column":106}},"247":{"start":{"line":248,"column":0},"end":{"line":248,"column":22}},"248":{"start":{"line":249,"column":0},"end":{"line":249,"column":18}},"249":{"start":{"line":250,"column":0},"end":{"line":250,"column":20}},"250":{"start":{"line":251,"column":0},"end":{"line":251,"column":18}},"251":{"start":{"line":252,"column":0},"end":{"line":252,"column":59}},"252":{"start":{"line":253,"column":0},"end":{"line":253,"column":34}},"253":{"start":{"line":254,"column":0},"end":{"line":254,"column":23}},"254":{"start":{"line":255,"column":0},"end":{"line":255,"column":31}},"255":{"start":{"line":256,"column":0},"end":{"line":256,"column":44}},"256":{"start":{"line":257,"column":0},"end":{"line":257,"column":123}},"257":{"start":{"line":258,"column":0},"end":{"line":258,"column":17}},"258":{"start":{"line":259,"column":0},"end":{"line":259,"column":34}},"259":{"start":{"line":260,"column":0},"end":{"line":260,"column":25}},"260":{"start":{"line":261,"column":0},"end":{"line":261,"column":16}},"261":{"start":{"line":262,"column":0},"end":{"line":262,"column":55}},"262":{"start":{"line":263,"column":0},"end":{"line":263,"column":107}},"263":{"start":{"line":264,"column":0},"end":{"line":264,"column":23}},"264":{"start":{"line":265,"column":0},"end":{"line":265,"column":18}},"265":{"start":{"line":266,"column":0},"end":{"line":266,"column":17}},"266":{"start":{"line":267,"column":0},"end":{"line":267,"column":15}},"267":{"start":{"line":268,"column":0},"end":{"line":268,"column":8}},"268":{"start":{"line":269,"column":0},"end":{"line":269,"column":0}},"269":{"start":{"line":270,"column":0},"end":{"line":270,"column":12}},"270":{"start":{"line":271,"column":0},"end":{"line":271,"column":45}},"271":{"start":{"line":272,"column":0},"end":{"line":272,"column":65}},"272":{"start":{"line":273,"column":0},"end":{"line":273,"column":96}},"273":{"start":{"line":274,"column":0},"end":{"line":274,"column":16}},"274":{"start":{"line":275,"column":0},"end":{"line":275,"column":13}},"275":{"start":{"line":276,"column":0},"end":{"line":276,"column":22}},"276":{"start":{"line":277,"column":0},"end":{"line":277,"column":10}},"277":{"start":{"line":278,"column":0},"end":{"line":278,"column":13}},"278":{"start":{"line":279,"column":0},"end":{"line":279,"column":10}},"279":{"start":{"line":280,"column":0},"end":{"line":280,"column":4}},"280":{"start":{"line":281,"column":0},"end":{"line":281,"column":2}},"281":{"start":{"line":282,"column":0},"end":{"line":282,"column":0}},"282":{"start":{"line":283,"column":0},"end":{"line":283,"column":41}}},"s":{"0":1,"1":1,"2":1,"3":1,"4":1,"5":1,"6":1,"7":1,"8":1,"9":0,"10":1,"11":1,"12":334,"13":334,"14":334,"15":334,"16":334,"17":334,"18":334,"19":334,"20":334,"21":334,"22":334,"23":334,"24":54,"25":54,"26":54,"27":54,"28":54,"29":54,"30":54,"31":54,"32":54,"33":54,"34":33,"35":33,"36":54,"37":54,"38":54,"39":54,"40":54,"41":52,"42":54,"43":2,"44":2,"45":50,"46":50,"47":49,"48":49,"49":54,"50":19,"51":19,"52":54,"53":54,"54":54,"55":54,"56":334,"57":334,"58":45,"59":334,"60":334,"61":334,"62":169,"63":169,"64":169,"65":169,"66":169,"67":169,"68":334,"69":334,"70":5,"71":5,"72":5,"73":5,"74":5,"75":5,"76":5,"77":5,"78":5,"79":0,"80":0,"81":5,"82":334,"83":334,"84":15,"85":1,"86":1,"87":1,"88":15,"89":14,"90":14,"91":15,"92":334,"93":334,"94":15,"95":15,"96":15,"97":5,"98":5,"99":5,"100":10,"101":10,"102":10,"103":10,"104":10,"105":10,"106":10,"107":10,"108":10,"109":10,"110":10,"111":10,"112":10,"113":10,"114":10,"115":10,"116":10,"117":10,"118":10,"119":10,"120":10,"121":10,"122":2,"123":8,"124":15,"125":15,"126":15,"127":15,"128":15,"129":15,"130":15,"131":15,"132":10,"133":15,"134":1,"135":1,"136":9,"137":9,"138":9,"139":9,"140":9,"141":9,"142":15,"143":1,"144":1,"145":1,"146":15,"147":334,"148":334,"149":78,"150":66,"151":66,"152":66,"153":66,"154":66,"155":66,"156":12,"157":12,"158":12,"159":12,"160":12,"161":12,"162":12,"163":12,"164":12,"165":12,"166":12,"167":12,"168":12,"169":12,"170":12,"171":12,"172":15,"173":15,"174":15,"175":15,"176":15,"177":15,"178":15,"179":15,"180":15,"181":15,"182":15,"183":15,"184":15,"185":15,"186":15,"187":15,"188":15,"189":15,"190":15,"191":12,"192":12,"193":12,"194":12,"195":78,"196":334,"197":334,"198":334,"199":334,"200":334,"201":334,"202":334,"203":334,"204":334,"205":334,"206":334,"207":334,"208":334,"209":334,"210":334,"211":334,"212":204,"213":204,"214":204,"215":204,"216":204,"217":204,"218":204,"219":204,"220":204,"221":204,"222":204,"223":204,"224":204,"225":204,"226":204,"227":204,"228":204,"229":204,"230":204,"231":204,"232":204,"233":204,"234":204,"235":204,"236":204,"237":204,"238":204,"239":204,"240":204,"241":204,"242":204,"243":204,"244":204,"245":32,"246":32,"247":32,"248":204,"249":204,"250":204,"251":204,"252":204,"253":32,"254":32,"255":32,"256":32,"257":32,"258":32,"259":32,"260":204,"261":204,"262":204,"263":204,"264":204,"265":204,"266":204,"267":334,"268":334,"269":334,"270":334,"271":38,"272":38,"273":38,"274":296,"275":296,"276":334,"277":334,"278":334,"279":334,"280":334,"281":1,"282":1},"branchMap":{"0":{"type":"branch","line":10,"loc":{"start":{"line":10,"column":0},"end":{"line":10,"column":14}},"locations":[{"start":{"line":10,"column":0},"end":{"line":10,"column":14}}]},"1":{"type":"branch","line":8,"loc":{"start":{"line":8,"column":22},"end":{"line":8,"column":30}},"locations":[{"start":{"line":8,"column":22},"end":{"line":8,"column":30}}]},"2":{"type":"branch","line":12,"loc":{"start":{"line":12,"column":22},"end":{"line":281,"column":2}},"locations":[{"start":{"line":12,"column":22},"end":{"line":281,"column":2}}]},"3":{"type":"branch","line":206,"loc":{"start":{"line":206,"column":11},"end":{"line":206,"column":35}},"locations":[{"start":{"line":206,"column":11},"end":{"line":206,"column":35}}]},"4":{"type":"branch","line":206,"loc":{"start":{"line":206,"column":22},"end":{"line":206,"column":52}},"locations":[{"start":{"line":206,"column":22},"end":{"line":206,"column":52}}]},"5":{"type":"branch","line":210,"loc":{"start":{"line":210,"column":7},"end":{"line":210,"column":101}},"locations":[{"start":{"line":210,"column":7},"end":{"line":210,"column":101}}]},"6":{"type":"branch","line":212,"loc":{"start":{"line":212,"column":7},"end":{"line":267,"column":15}},"locations":[{"start":{"line":212,"column":7},"end":{"line":267,"column":15}}]},"7":{"type":"branch","line":213,"loc":{"start":{"line":213,"column":21},"end":{"line":213,"column":80}},"locations":[{"start":{"line":213,"column":21},"end":{"line":213,"column":80}}]},"8":{"type":"branch","line":213,"loc":{"start":{"line":213,"column":75},"end":{"line":213,"column":98}},"locations":[{"start":{"line":213,"column":75},"end":{"line":213,"column":98}}]},"9":{"type":"branch","line":233,"loc":{"start":{"line":233,"column":19},"end":{"line":233,"column":65}},"locations":[{"start":{"line":233,"column":19},"end":{"line":233,"column":65}}]},"10":{"type":"branch","line":233,"loc":{"start":{"line":233,"column":36},"end":{"line":233,"column":98}},"locations":[{"start":{"line":233,"column":36},"end":{"line":233,"column":98}}]},"11":{"type":"branch","line":239,"loc":{"start":{"line":239,"column":23},"end":{"line":239,"column":46}},"locations":[{"start":{"line":239,"column":23},"end":{"line":239,"column":46}}]},"12":{"type":"branch","line":239,"loc":{"start":{"line":239,"column":40},"end":{"line":239,"column":50}},"locations":[{"start":{"line":239,"column":40},"end":{"line":239,"column":50}}]},"13":{"type":"branch","line":245,"loc":{"start":{"line":245,"column":17},"end":{"line":248,"column":22}},"locations":[{"start":{"line":245,"column":17},"end":{"line":248,"column":22}}]},"14":{"type":"branch","line":253,"loc":{"start":{"line":253,"column":15},"end":{"line":260,"column":25}},"locations":[{"start":{"line":253,"column":15},"end":{"line":260,"column":25}}]},"15":{"type":"branch","line":263,"loc":{"start":{"line":263,"column":17},"end":{"line":263,"column":46}},"locations":[{"start":{"line":263,"column":17},"end":{"line":263,"column":46}}]},"16":{"type":"branch","line":263,"loc":{"start":{"line":263,"column":27},"end":{"line":263,"column":107}},"locations":[{"start":{"line":263,"column":27},"end":{"line":263,"column":107}}]},"17":{"type":"branch","line":263,"loc":{"start":{"line":263,"column":46},"end":{"line":263,"column":87}},"locations":[{"start":{"line":263,"column":46},"end":{"line":263,"column":87}}]},"18":{"type":"branch","line":263,"loc":{"start":{"line":263,"column":63},"end":{"line":263,"column":107}},"locations":[{"start":{"line":263,"column":63},"end":{"line":263,"column":107}}]},"19":{"type":"branch","line":271,"loc":{"start":{"line":271,"column":9},"end":{"line":271,"column":45}},"locations":[{"start":{"line":271,"column":9},"end":{"line":271,"column":45}}]},"20":{"type":"branch","line":271,"loc":{"start":{"line":271,"column":40},"end":{"line":274,"column":16}},"locations":[{"start":{"line":271,"column":40},"end":{"line":274,"column":16}}]},"21":{"type":"branch","line":274,"loc":{"start":{"line":274,"column":10},"end":{"line":276,"column":22}},"locations":[{"start":{"line":274,"column":10},"end":{"line":276,"column":22}}]},"22":{"type":"branch","line":24,"loc":{"start":{"line":24,"column":24},"end":{"line":56,"column":4}},"locations":[{"start":{"line":24,"column":24},"end":{"line":56,"column":4}}]},"23":{"type":"branch","line":34,"loc":{"start":{"line":34,"column":17},"end":{"line":36,"column":7}},"locations":[{"start":{"line":34,"column":17},"end":{"line":36,"column":7}}]},"24":{"type":"branch","line":41,"loc":{"start":{"line":41,"column":7},"end":{"line":43,"column":24}},"locations":[{"start":{"line":41,"column":7},"end":{"line":43,"column":24}}]},"25":{"type":"branch","line":43,"loc":{"start":{"line":43,"column":24},"end":{"line":45,"column":7}},"locations":[{"start":{"line":43,"column":24},"end":{"line":45,"column":7}}]},"26":{"type":"branch","line":45,"loc":{"start":{"line":45,"column":6},"end":{"line":47,"column":41}},"locations":[{"start":{"line":45,"column":6},"end":{"line":47,"column":41}}]},"27":{"type":"branch","line":47,"loc":{"start":{"line":47,"column":39},"end":{"line":50,"column":13}},"locations":[{"start":{"line":47,"column":39},"end":{"line":50,"column":13}}]},"28":{"type":"branch","line":50,"loc":{"start":{"line":50,"column":4},"end":{"line":53,"column":6}},"locations":[{"start":{"line":50,"column":4},"end":{"line":53,"column":6}}]},"29":{"type":"branch","line":48,"loc":{"start":{"line":48,"column":35},"end":{"line":48,"column":56}},"locations":[{"start":{"line":48,"column":35},"end":{"line":48,"column":56}}]},"30":{"type":"branch","line":58,"loc":{"start":{"line":58,"column":12},"end":{"line":60,"column":5}},"locations":[{"start":{"line":58,"column":12},"end":{"line":60,"column":5}}]},"31":{"type":"branch","line":62,"loc":{"start":{"line":62,"column":28},"end":{"line":68,"column":4}},"locations":[{"start":{"line":62,"column":28},"end":{"line":68,"column":4}}]},"32":{"type":"branch","line":64,"loc":{"start":{"line":64,"column":16},"end":{"line":67,"column":6}},"locations":[{"start":{"line":64,"column":16},"end":{"line":67,"column":6}}]},"33":{"type":"branch","line":70,"loc":{"start":{"line":70,"column":26},"end":{"line":82,"column":4}},"locations":[{"start":{"line":70,"column":26},"end":{"line":82,"column":4}}]},"34":{"type":"branch","line":79,"loc":{"start":{"line":79,"column":4},"end":{"line":81,"column":5}},"locations":[{"start":{"line":79,"column":4},"end":{"line":81,"column":5}}]},"35":{"type":"branch","line":84,"loc":{"start":{"line":84,"column":27},"end":{"line":92,"column":4}},"locations":[{"start":{"line":84,"column":27},"end":{"line":92,"column":4}}]},"36":{"type":"branch","line":85,"loc":{"start":{"line":85,"column":18},"end":{"line":89,"column":11}},"locations":[{"start":{"line":85,"column":18},"end":{"line":89,"column":11}}]},"37":{"type":"branch","line":89,"loc":{"start":{"line":89,"column":4},"end":{"line":91,"column":5}},"locations":[{"start":{"line":89,"column":4},"end":{"line":91,"column":5}}]},"38":{"type":"branch","line":94,"loc":{"start":{"line":94,"column":30},"end":{"line":147,"column":4}},"locations":[{"start":{"line":94,"column":30},"end":{"line":147,"column":4}}]},"39":{"type":"branch","line":97,"loc":{"start":{"line":97,"column":28},"end":{"line":97,"column":56}},"locations":[{"start":{"line":97,"column":28},"end":{"line":97,"column":56}}]},"40":{"type":"branch","line":97,"loc":{"start":{"line":97,"column":56},"end":{"line":122,"column":33}},"locations":[{"start":{"line":97,"column":56},"end":{"line":122,"column":33}}]},"41":{"type":"branch","line":97,"loc":{"start":{"line":97,"column":56},"end":{"line":100,"column":5}},"locations":[{"start":{"line":97,"column":56},"end":{"line":100,"column":5}}]},"42":{"type":"branch","line":122,"loc":{"start":{"line":122,"column":18},"end":{"line":123,"column":64}},"locations":[{"start":{"line":122,"column":18},"end":{"line":123,"column":64}}]},"43":{"type":"branch","line":123,"loc":{"start":{"line":123,"column":61},"end":{"line":124,"column":43}},"locations":[{"start":{"line":123,"column":61},"end":{"line":124,"column":43}}]},"44":{"type":"branch","line":126,"loc":{"start":{"line":126,"column":21},"end":{"line":126,"column":46}},"locations":[{"start":{"line":126,"column":21},"end":{"line":126,"column":46}}]},"45":{"type":"branch","line":126,"loc":{"start":{"line":126,"column":38},"end":{"line":126,"column":53}},"locations":[{"start":{"line":126,"column":38},"end":{"line":126,"column":53}}]},"46":{"type":"branch","line":132,"loc":{"start":{"line":132,"column":7},"end":{"line":134,"column":24}},"locations":[{"start":{"line":132,"column":7},"end":{"line":134,"column":24}}]},"47":{"type":"branch","line":134,"loc":{"start":{"line":134,"column":24},"end":{"line":136,"column":7}},"locations":[{"start":{"line":134,"column":24},"end":{"line":136,"column":7}}]},"48":{"type":"branch","line":135,"loc":{"start":{"line":135,"column":36},"end":{"line":135,"column":68}},"locations":[{"start":{"line":135,"column":36},"end":{"line":135,"column":68}}]},"49":{"type":"branch","line":136,"loc":{"start":{"line":136,"column":6},"end":{"line":143,"column":13}},"locations":[{"start":{"line":136,"column":6},"end":{"line":143,"column":13}}]},"50":{"type":"branch","line":143,"loc":{"start":{"line":143,"column":4},"end":{"line":146,"column":5}},"locations":[{"start":{"line":143,"column":4},"end":{"line":146,"column":5}}]},"51":{"type":"branch","line":149,"loc":{"start":{"line":149,"column":31},"end":{"line":197,"column":5}},"locations":[{"start":{"line":149,"column":31},"end":{"line":197,"column":5}}]},"52":{"type":"branch","line":150,"loc":{"start":{"line":150,"column":44},"end":{"line":195,"column":12}},"locations":[{"start":{"line":150,"column":44},"end":{"line":195,"column":12}}]},"53":{"type":"branch","line":150,"loc":{"start":{"line":150,"column":44},"end":{"line":156,"column":5}},"locations":[{"start":{"line":150,"column":44},"end":{"line":156,"column":5}}]},"54":{"type":"branch","line":156,"loc":{"start":{"line":156,"column":4},"end":{"line":195,"column":12}},"locations":[{"start":{"line":156,"column":4},"end":{"line":195,"column":12}}]},"55":{"type":"branch","line":172,"loc":{"start":{"line":172,"column":26},"end":{"line":191,"column":19}},"locations":[{"start":{"line":172,"column":26},"end":{"line":191,"column":19}}]},"56":{"type":"branch","line":177,"loc":{"start":{"line":177,"column":111},"end":{"line":177,"column":148}},"locations":[{"start":{"line":177,"column":111},"end":{"line":177,"column":148}}]},"57":{"type":"branch","line":177,"loc":{"start":{"line":177,"column":116},"end":{"line":177,"column":173}},"locations":[{"start":{"line":177,"column":116},"end":{"line":177,"column":173}}]},"58":{"type":"branch","line":185,"loc":{"start":{"line":185,"column":29},"end":{"line":185,"column":60}},"locations":[{"start":{"line":185,"column":29},"end":{"line":185,"column":60}}]}},"b":{"0":[0],"1":[5],"2":[334],"3":[204],"4":[130],"5":[24],"6":[204],"7":[32],"8":[172],"9":[32],"10":[172],"11":[32],"12":[172],"13":[32],"14":[32],"15":[10],"16":[194],"17":[30],"18":[164],"19":[41],"20":[38],"21":[296],"22":[54],"23":[33],"24":[52],"25":[2],"26":[50],"27":[49],"28":[19],"29":[5],"30":[45],"31":[169],"32":[169],"33":[5],"34":[0],"35":[15],"36":[1],"37":[14],"38":[15],"39":[12],"40":[10],"41":[5],"42":[2],"43":[8],"44":[2],"45":[8],"46":[10],"47":[1],"48":[0],"49":[9],"50":[1],"51":[78],"52":[70],"53":[66],"54":[12],"55":[15],"56":[11],"57":[4],"58":[5]},"fnMap":{"0":{"name":"window.scrollTo","decl":{"start":{"line":8,"column":22},"end":{"line":8,"column":30}},"loc":{"start":{"line":8,"column":22},"end":{"line":8,"column":30}},"line":8},"1":{"name":"InventoryView","decl":{"start":{"line":12,"column":22},"end":{"line":281,"column":2}},"loc":{"start":{"line":12,"column":22},"end":{"line":281,"column":2}},"line":12},"2":{"name":"fetchProducts","decl":{"start":{"line":24,"column":24},"end":{"line":56,"column":4}},"loc":{"start":{"line":24,"column":24},"end":{"line":56,"column":4}},"line":24},"3":{"name":"handleInputChange","decl":{"start":{"line":62,"column":28},"end":{"line":68,"column":4}},"loc":{"start":{"line":62,"column":28},"end":{"line":68,"column":4}},"line":62},"4":{"name":"handleEditClick","decl":{"start":{"line":70,"column":26},"end":{"line":82,"column":4}},"loc":{"start":{"line":70,"column":26},"end":{"line":82,"column":4}},"line":70},"5":{"name":"handleToggleForm","decl":{"start":{"line":84,"column":27},"end":{"line":92,"column":4}},"loc":{"start":{"line":84,"column":27},"end":{"line":92,"column":4}},"line":84},"6":{"name":"handleSubmitProduct","decl":{"start":{"line":94,"column":30},"end":{"line":147,"column":4}},"loc":{"start":{"line":94,"column":30},"end":{"line":147,"column":4}},"line":94},"7":{"name":"onClick","decl":{"start":{"line":185,"column":29},"end":{"line":185,"column":60}},"loc":{"start":{"line":185,"column":29},"end":{"line":185,"column":60}},"line":185}},"f":{"0":5,"1":334,"2":54,"3":169,"4":5,"5":15,"6":15,"7":5}}
,"C:\\Users\\pipeq\\Desktop\\Proyecto-SmartLogix-React\\src\\modules\\orders\\OrderView.jsx": {"path":"C:\\Users\\pipeq\\Desktop\\Proyecto-SmartLogix-React\\src\\modules\\orders\\OrderView.jsx","all":false,"statementMap":{"0":{"start":{"line":1,"column":0},"end":{"line":1,"column":60}},"1":{"start":{"line":2,"column":0},"end":{"line":2,"column":48}},"2":{"start":{"line":3,"column":0},"end":{"line":3,"column":52}},"3":{"start":{"line":4,"column":0},"end":{"line":4,"column":0}},"4":{"start":{"line":5,"column":0},"end":{"line":5,"column":26}},"5":{"start":{"line":6,"column":0},"end":{"line":6,"column":22}},"6":{"start":{"line":7,"column":0},"end":{"line":7,"column":0}},"7":{"start":{"line":8,"column":0},"end":{"line":8,"column":28}},"8":{"start":{"line":9,"column":0},"end":{"line":9,"column":28}},"9":{"start":{"line":10,"column":0},"end":{"line":10,"column":25}},"10":{"start":{"line":11,"column":0},"end":{"line":11,"column":48}},"11":{"start":{"line":12,"column":0},"end":{"line":12,"column":23}},"12":{"start":{"line":13,"column":0},"end":{"line":13,"column":26}},"13":{"start":{"line":14,"column":0},"end":{"line":14,"column":2}},"14":{"start":{"line":15,"column":0},"end":{"line":15,"column":0}},"15":{"start":{"line":16,"column":0},"end":{"line":16,"column":36}},"16":{"start":{"line":17,"column":0},"end":{"line":17,"column":18}},"17":{"start":{"line":18,"column":0},"end":{"line":18,"column":59}},"18":{"start":{"line":19,"column":0},"end":{"line":19,"column":64}},"19":{"start":{"line":20,"column":0},"end":{"line":20,"column":59}},"20":{"start":{"line":21,"column":0},"end":{"line":21,"column":59}},"21":{"start":{"line":22,"column":0},"end":{"line":22,"column":57}},"22":{"start":{"line":23,"column":0},"end":{"line":23,"column":48}},"23":{"start":{"line":24,"column":0},"end":{"line":24,"column":3}},"24":{"start":{"line":25,"column":0},"end":{"line":25,"column":2}},"25":{"start":{"line":26,"column":0},"end":{"line":26,"column":0}},"26":{"start":{"line":27,"column":0},"end":{"line":27,"column":25}},"27":{"start":{"line":28,"column":0},"end":{"line":28,"column":43}},"28":{"start":{"line":29,"column":0},"end":{"line":29,"column":47}},"29":{"start":{"line":30,"column":0},"end":{"line":30,"column":47}},"30":{"start":{"line":31,"column":0},"end":{"line":31,"column":43}},"31":{"start":{"line":32,"column":0},"end":{"line":32,"column":50}},"32":{"start":{"line":33,"column":0},"end":{"line":33,"column":2}},"33":{"start":{"line":34,"column":0},"end":{"line":34,"column":59}},"34":{"start":{"line":35,"column":0},"end":{"line":35,"column":56}},"35":{"start":{"line":36,"column":0},"end":{"line":36,"column":72}},"36":{"start":{"line":37,"column":0},"end":{"line":37,"column":2}},"37":{"start":{"line":38,"column":0},"end":{"line":38,"column":44}},"38":{"start":{"line":39,"column":0},"end":{"line":39,"column":18}},"39":{"start":{"line":40,"column":0},"end":{"line":40,"column":16}},"40":{"start":{"line":41,"column":0},"end":{"line":41,"column":21}},"41":{"start":{"line":42,"column":0},"end":{"line":42,"column":20}},"42":{"start":{"line":43,"column":0},"end":{"line":43,"column":22}},"43":{"start":{"line":44,"column":0},"end":{"line":44,"column":23}},"44":{"start":{"line":45,"column":0},"end":{"line":45,"column":5}},"45":{"start":{"line":46,"column":0},"end":{"line":46,"column":0}},"46":{"start":{"line":47,"column":0},"end":{"line":47,"column":33}},"47":{"start":{"line":48,"column":0},"end":{"line":48,"column":9}},"48":{"start":{"line":49,"column":0},"end":{"line":49,"column":23}},"49":{"start":{"line":50,"column":0},"end":{"line":50,"column":21}},"50":{"start":{"line":51,"column":0},"end":{"line":51,"column":6}},"51":{"start":{"line":52,"column":0},"end":{"line":52,"column":59}},"52":{"start":{"line":53,"column":0},"end":{"line":53,"column":23}},"53":{"start":{"line":54,"column":0},"end":{"line":54,"column":43}},"54":{"start":{"line":55,"column":0},"end":{"line":55,"column":8}},"55":{"start":{"line":56,"column":0},"end":{"line":56,"column":6}},"56":{"start":{"line":57,"column":0},"end":{"line":57,"column":18}},"57":{"start":{"line":58,"column":0},"end":{"line":58,"column":53}},"58":{"start":{"line":59,"column":0},"end":{"line":59,"column":7}},"59":{"start":{"line":60,"column":0},"end":{"line":60,"column":0}},"60":{"start":{"line":61,"column":0},"end":{"line":61,"column":58}},"61":{"start":{"line":62,"column":0},"end":{"line":62,"column":74}},"62":{"start":{"line":63,"column":0},"end":{"line":63,"column":75}},"63":{"start":{"line":64,"column":0},"end":{"line":64,"column":9}},"64":{"start":{"line":65,"column":0},"end":{"line":65,"column":6}},"65":{"start":{"line":66,"column":0},"end":{"line":66,"column":73}},"66":{"start":{"line":67,"column":0},"end":{"line":67,"column":77}},"67":{"start":{"line":68,"column":0},"end":{"line":68,"column":6}},"68":{"start":{"line":69,"column":0},"end":{"line":69,"column":48}},"69":{"start":{"line":70,"column":0},"end":{"line":70,"column":52}},"70":{"start":{"line":71,"column":0},"end":{"line":71,"column":6}},"71":{"start":{"line":72,"column":0},"end":{"line":72,"column":28}},"72":{"start":{"line":73,"column":0},"end":{"line":73,"column":32}},"73":{"start":{"line":74,"column":0},"end":{"line":74,"column":19}},"74":{"start":{"line":75,"column":0},"end":{"line":75,"column":68}},"75":{"start":{"line":76,"column":0},"end":{"line":76,"column":47}},"76":{"start":{"line":77,"column":0},"end":{"line":77,"column":15}},"77":{"start":{"line":78,"column":0},"end":{"line":78,"column":24}},"78":{"start":{"line":79,"column":0},"end":{"line":79,"column":5}},"79":{"start":{"line":80,"column":0},"end":{"line":80,"column":4}},"80":{"start":{"line":81,"column":0},"end":{"line":81,"column":0}},"81":{"start":{"line":82,"column":0},"end":{"line":82,"column":19}},"82":{"start":{"line":83,"column":0},"end":{"line":83,"column":16}},"83":{"start":{"line":84,"column":0},"end":{"line":84,"column":9}},"84":{"start":{"line":85,"column":0},"end":{"line":85,"column":0}},"85":{"start":{"line":86,"column":0},"end":{"line":86,"column":36}},"86":{"start":{"line":87,"column":0},"end":{"line":87,"column":37}},"87":{"start":{"line":88,"column":0},"end":{"line":88,"column":26}},"88":{"start":{"line":89,"column":0},"end":{"line":89,"column":14}},"89":{"start":{"line":90,"column":0},"end":{"line":90,"column":19}},"90":{"start":{"line":91,"column":0},"end":{"line":91,"column":8}},"91":{"start":{"line":92,"column":0},"end":{"line":92,"column":4}},"92":{"start":{"line":93,"column":0},"end":{"line":93,"column":0}},"93":{"start":{"line":94,"column":0},"end":{"line":94,"column":38}},"94":{"start":{"line":95,"column":0},"end":{"line":95,"column":58}},"95":{"start":{"line":96,"column":0},"end":{"line":96,"column":43}},"96":{"start":{"line":97,"column":0},"end":{"line":97,"column":36}},"97":{"start":{"line":98,"column":0},"end":{"line":98,"column":39}},"98":{"start":{"line":99,"column":0},"end":{"line":99,"column":0}},"99":{"start":{"line":100,"column":0},"end":{"line":100,"column":12}},"100":{"start":{"line":101,"column":0},"end":{"line":101,"column":15}},"101":{"start":{"line":102,"column":0},"end":{"line":102,"column":10}},"102":{"start":{"line":103,"column":0},"end":{"line":103,"column":17}},"103":{"start":{"line":104,"column":0},"end":{"line":104,"column":6}},"104":{"start":{"line":105,"column":0},"end":{"line":105,"column":26}},"105":{"start":{"line":106,"column":0},"end":{"line":106,"column":0}},"106":{"start":{"line":107,"column":0},"end":{"line":107,"column":42}},"107":{"start":{"line":108,"column":0},"end":{"line":108,"column":23}},"108":{"start":{"line":109,"column":0},"end":{"line":109,"column":4}},"109":{"start":{"line":110,"column":0},"end":{"line":110,"column":55}},"110":{"start":{"line":111,"column":0},"end":{"line":111,"column":75}},"111":{"start":{"line":112,"column":0},"end":{"line":112,"column":13}},"112":{"start":{"line":113,"column":0},"end":{"line":113,"column":5}},"113":{"start":{"line":114,"column":0},"end":{"line":114,"column":0}},"114":{"start":{"line":115,"column":0},"end":{"line":115,"column":142}},"115":{"start":{"line":116,"column":0},"end":{"line":116,"column":67}},"116":{"start":{"line":117,"column":0},"end":{"line":117,"column":13}},"117":{"start":{"line":118,"column":0},"end":{"line":118,"column":5}},"118":{"start":{"line":119,"column":0},"end":{"line":119,"column":0}},"119":{"start":{"line":120,"column":0},"end":{"line":120,"column":62}},"120":{"start":{"line":121,"column":0},"end":{"line":121,"column":36}},"121":{"start":{"line":122,"column":0},"end":{"line":122,"column":39}},"122":{"start":{"line":123,"column":0},"end":{"line":123,"column":0}},"123":{"start":{"line":124,"column":0},"end":{"line":124,"column":22}},"124":{"start":{"line":125,"column":0},"end":{"line":125,"column":42}},"125":{"start":{"line":126,"column":0},"end":{"line":126,"column":40}},"126":{"start":{"line":127,"column":0},"end":{"line":127,"column":44}},"127":{"start":{"line":128,"column":0},"end":{"line":128,"column":48}},"128":{"start":{"line":129,"column":0},"end":{"line":129,"column":31}},"129":{"start":{"line":130,"column":0},"end":{"line":130,"column":14}},"130":{"start":{"line":131,"column":0},"end":{"line":131,"column":9}},"131":{"start":{"line":132,"column":0},"end":{"line":132,"column":50}},"132":{"start":{"line":133,"column":0},"end":{"line":133,"column":47}},"133":{"start":{"line":134,"column":0},"end":{"line":134,"column":9}},"134":{"start":{"line":135,"column":0},"end":{"line":135,"column":7}},"135":{"start":{"line":136,"column":0},"end":{"line":136,"column":6}},"136":{"start":{"line":137,"column":0},"end":{"line":137,"column":0}},"137":{"start":{"line":138,"column":0},"end":{"line":138,"column":9}},"138":{"start":{"line":139,"column":0},"end":{"line":139,"column":23}},"139":{"start":{"line":140,"column":0},"end":{"line":140,"column":21}},"140":{"start":{"line":141,"column":0},"end":{"line":141,"column":6}},"141":{"start":{"line":142,"column":0},"end":{"line":142,"column":59}},"142":{"start":{"line":143,"column":0},"end":{"line":143,"column":23}},"143":{"start":{"line":144,"column":0},"end":{"line":144,"column":43}},"144":{"start":{"line":145,"column":0},"end":{"line":145,"column":8}},"145":{"start":{"line":146,"column":0},"end":{"line":146,"column":6}},"146":{"start":{"line":147,"column":0},"end":{"line":147,"column":18}},"147":{"start":{"line":148,"column":0},"end":{"line":148,"column":53}},"148":{"start":{"line":149,"column":0},"end":{"line":149,"column":7}},"149":{"start":{"line":150,"column":0},"end":{"line":150,"column":0}},"150":{"start":{"line":151,"column":0},"end":{"line":151,"column":68}},"151":{"start":{"line":152,"column":0},"end":{"line":152,"column":23}},"152":{"start":{"line":153,"column":0},"end":{"line":153,"column":25}},"153":{"start":{"line":154,"column":0},"end":{"line":154,"column":39}},"154":{"start":{"line":155,"column":0},"end":{"line":155,"column":9}},"155":{"start":{"line":156,"column":0},"end":{"line":156,"column":0}},"156":{"start":{"line":157,"column":0},"end":{"line":157,"column":25}},"157":{"start":{"line":158,"column":0},"end":{"line":158,"column":70}},"158":{"start":{"line":159,"column":0},"end":{"line":159,"column":7}},"159":{"start":{"line":160,"column":0},"end":{"line":160,"column":6}},"160":{"start":{"
[...]
"end":{"line":97,"column":32}},"locations":[{"start":{"line":97,"column":17},"end":{"line":97,"column":32}}]},"37":{"type":"branch","line":98,"loc":{"start":{"line":98,"column":19},"end":{"line":98,"column":45}},"locations":[{"start":{"line":98,"column":19},"end":{"line":98,"column":45}}]},"38":{"type":"branch","line":98,"loc":{"start":{"line":98,"column":34},"end":{"line":98,"column":49}},"locations":[{"start":{"line":98,"column":34},"end":{"line":98,"column":49}}]},"39":{"type":"branch","line":99,"loc":{"start":{"line":99,"column":51},"end":{"line":99,"column":67}},"locations":[{"start":{"line":99,"column":51},"end":{"line":99,"column":67}}]},"40":{"type":"branch","line":106,"loc":{"start":{"line":106,"column":4},"end":{"line":108,"column":5}},"locations":[{"start":{"line":106,"column":4},"end":{"line":108,"column":5}}]},"41":{"type":"branch","line":111,"loc":{"start":{"line":111,"column":23},"end":{"line":155,"column":4}},"locations":[{"start":{"line":111,"column":23},"end":{"line":155,"column":4}}]},"42":{"type":"branch","line":118,"loc":{"start":{"line":118,"column":18},"end":{"line":118,"column":75}},"locations":[{"start":{"line":118,"column":18},"end":{"line":118,"column":75}}]},"43":{"type":"branch","line":118,"loc":{"start":{"line":118,"column":70},"end":{"line":118,"column":105}},"locations":[{"start":{"line":118,"column":70},"end":{"line":118,"column":105}}]},"44":{"type":"branch","line":119,"loc":{"start":{"line":119,"column":21},"end":{"line":119,"column":41}},"locations":[{"start":{"line":119,"column":21},"end":{"line":119,"column":41}}]},"45":{"type":"branch","line":119,"loc":{"start":{"line":119,"column":33},"end":{"line":119,"column":48}},"locations":[{"start":{"line":119,"column":33},"end":{"line":119,"column":48}}]},"46":{"type":"branch","line":140,"loc":{"start":{"line":140,"column":62},"end":{"line":142,"column":7}},"locations":[{"start":{"line":140,"column":62},"end":{"line":142,"column":7}}]},"47":{"type":"branch","line":143,"loc":{"start":{"line":143,"column":24},"end":{"line":152,"column":6}},"locations":[{"start":{"line":143,"column":24},"end":{"line":152,"column":6}}]},"48":{"type":"branch","line":143,"loc":{"start":{"line":143,"column":24},"end":{"line":143,"column":86}},"locations":[{"start":{"line":143,"column":24},"end":{"line":143,"column":86}}]},"49":{"type":"branch","line":150,"loc":{"start":{"line":150,"column":4},"end":{"line":152,"column":6}},"locations":[{"start":{"line":150,"column":4},"end":{"line":152,"column":6}}]},"50":{"type":"branch","line":168,"loc":{"start":{"line":168,"column":25},"end":{"line":168,"column":78}},"locations":[{"start":{"line":168,"column":25},"end":{"line":168,"column":78}}]},"51":{"type":"branch","line":168,"loc":{"start":{"line":168,"column":31},"end":{"line":168,"column":59}},"locations":[{"start":{"line":168,"column":31},"end":{"line":168,"column":59}}]},"52":{"type":"branch","line":234,"loc":{"start":{"line":234,"column":27},"end":{"line":257,"column":23}},"locations":[{"start":{"line":234,"column":27},"end":{"line":257,"column":23}}]},"53":{"type":"branch","line":241,"loc":{"start":{"line":241,"column":94},"end":{"line":241,"column":138}},"locations":[{"start":{"line":241,"column":94},"end":{"line":241,"column":138}}]},"54":{"type":"branch","line":241,"loc":{"start":{"line":241,"column":104},"end":{"line":241,"column":165}},"locations":[{"start":{"line":241,"column":104},"end":{"line":241,"column":165}}]},"55":{"type":"branch","line":245,"loc":{"start":{"line":245,"column":72},"end":{"line":245,"column":95}},"locations":[{"start":{"line":245,"column":72},"end":{"line":245,"column":95}}]},"56":{"type":"branch","line":247,"loc":{"start":{"line":247,"column":98},"end":{"line":247,"column":134}},"locations":[{"start":{"line":247,"column":98},"end":{"line":247,"column":134}}]},"57":{"type":"branch","line":248,"loc":{"start":{"line":248,"column":43},"end":{"line":248,"column":64}},"locations":[{"start":{"line":248,"column":43},"end":{"line":248,"column":64}}]},"58":{"type":"branch","line":253,"loc":{"start":{"line":253,"column":103},"end":{"line":253,"column":169}},"locations":[{"start":{"line":253,"column":103},"end":{"line":253,"column":169}}]},"59":{"type":"branch","line":254,"loc":{"start":{"line":254,"column":43},"end":{"line":254,"column":65}},"locations":[{"start":{"line":254,"column":43},"end":{"line":254,"column":65}}]},"60":{"type":"branch","line":252,"loc":{"start":{"line":252,"column":39},"end":{"line":252,"column":63}},"locations":[{"start":{"line":252,"column":39},"end":{"line":252,"column":63}}]},"61":{"type":"branch","line":253,"loc":{"start":{"line":253,"column":39},"end":{"line":253,"column":71}},"locations":[{"start":{"line":253,"column":39},"end":{"line":253,"column":71}}]}},"b":{"0":[0],"1":[3],"2":[461],"3":[395],"4":[66],"5":[8],"6":[395],"7":[42],"8":[353],"9":[353],"10":[42],"11":[353],"12":[38],"13":[35],"14":[426],"15":[330],"16":[96],"17":[37],"18":[36],"19":[35],"20":[2],"21":[34],"22":[1],"23":[33],"24":[32],"25":[5],"26":[29],"27":[366],"28":[366],"29":[0],"30":[2],"31":[0],"32":[1],"33":[3],"34":[0],"35":[0],"36":[0],"37":[0],"38":[0],"39":[0],"40":[0],"41":[9],"42":[2],"43":[7],"44":[2],"45":[7],"46":[0],"47":[7],"48":[2],"49":[2],"50":[15],"51":[0],"52":[97],"53":[1],"54":[96],"55":[0],"56":[0],"57":[0],"58":[0],"59":[0],"60":[3],"61":[2]},"fnMap":{"0":{"name":"window.scrollTo","decl":{"start":{"line":9,"column":22},"end":{"line":9,"column":30}},"loc":{"start":{"line":9,"column":22},"end":{"line":9,"column":30}},"line":9},"1":{"name":"UserManagementView","decl":{"start":{"line":13,"column":27},"end":{"line":266,"column":2}},"loc":{"start":{"line":13,"column":27},"end":{"line":266,"column":2}},"line":13},"2":{"name":"fetchUsers","decl":{"start":{"line":30,"column":21},"end":{"line":53,"column":4}},"loc":{"start":{"line":30,"column":21},"end":{"line":53,"column":4}},"line":30},"3":{"name":"handleInputChange","decl":{"start":{"line":59,"column":28},"end":{"line":65,"column":4}},"loc":{"start":{"line":59,"column":28},"end":{"line":65,"column":4}},"line":59},"4":{"name":"handleToggleStatus","decl":{"start":{"line":67,"column":29},"end":{"line":90,"column":4}},"loc":{"start":{"line":67,"column":29},"end":{"line":90,"column":4}},"line":67},"5":{"name":"handleEdit","decl":{"start":{"line":92,"column":21},"end":{"line":109,"column":4}},"loc":{"start":{"line":92,"column":21},"end":{"line":109,"column":4}},"line":92},"6":{"name":"handleSubmit","decl":{"start":{"line":111,"column":23},"end":{"line":155,"column":4}},"loc":{"start":{"line":111,"column":23},"end":{"line":155,"column":4}},"line":111},"7":{"name":"handleCancel","decl":{"start":{"line":157,"column":23},"end":{"line":162,"column":4}},"loc":{"start":{"line":157,"column":23},"end":{"line":162,"column":4}},"line":157},"8":{"name":"onClick","decl":{"start":{"line":168,"column":25},"end":{"line":168,"column":78}},"loc":{"start":{"line":168,"column":25},"end":{"line":168,"column":78}},"line":168},"9":{"name":"onClick","decl":{"start":{"line":252,"column":39},"end":{"line":252,"column":63}},"loc":{"start":{"line":252,"column":39},"end":{"line":252,"column":63}},"line":252},"10":{"name":"onClick","decl":{"start":{"line":253,"column":39},"end":{"line":253,"column":71}},"loc":{"start":{"line":253,"column":39},"end":{"line":253,"column":71}},"line":253}},"f":{"0":3,"1":461,"2":37,"3":366,"4":2,"5":3,"6":9,"7":0,"8":15,"9":3,"10":2}}
,"C:\\Users\\pipeq\\Desktop\\Proyecto-SmartLogix-React\\src\\shared\\components\\Button.jsx": {"path":"C:\\Users\\pipeq\\Desktop\\Proyecto-SmartLogix-React\\src\\shared\\components\\Button.jsx","all":false,"statementMap":{"0":{"start":{"line":1,"column":0},"end":{"line":1,"column":39}},"1":{"start":{"line":2,"column":0},"end":{"line":2,"column":0}},"2":{"start":{"line":3,"column":0},"end":{"line":3,"column":108}},"3":{"start":{"line":4,"column":0},"end":{"line":4,"column":2}},"4":{"start":{"line":5,"column":0},"end":{"line":5,"column":104}},"5":{"start":{"line":6,"column":0},"end":{"line":6,"column":2}},"6":{"start":{"line":7,"column":0},"end":{"line":7,"column":39}},"7":{"start":{"line":8,"column":0},"end":{"line":8,"column":22}},"8":{"start":{"line":9,"column":0},"end":{"line":9,"column":23}},"9":{"start":{"line":10,"column":0},"end":{"line":10,"column":76}},"10":{"start":{"line":11,"column":0},"end":{"line":11,"column":20}},"11":{"start":{"line":12,"column":0},"end":{"line":12,"column":71}},"12":{"start":{"line":13,"column":0},"end":{"line":13,"column":21}},"13":{"start":{"line":14,"column":0},"end":{"line":14,"column":14}},"14":{"start":{"line":15,"column":0},"end":{"line":15,"column":73}},"15":{"start":{"line":16,"column":0},"end":{"line":16,"column":5}},"16":{"start":{"line":17,"column":0},"end":{"line":17,"column":16}},"17":{"start":{"line":18,"column":0},"end":{"line":18,"column":0}},"18":{"start":{"line":19,"column":0},"end":{"line":19,"column":10}},"19":{"start":{"line":20,"column":0},"end":{"line":20,"column":11}},"20":{"start":{"line":21,"column":0},"end":{"line":21,"column":17}},"21":{"start":{"line":22,"column":0},"end":{"line":22,"column":23}},"22":{"start":{"line":23,"column":0},"end":{"line":23,"column":25}},"23":{"start":{"line":24,"column":0},"end":{"line":24,"column":15}},"24":{"start":{"line":25,"column":0},"end":{"line":25,"column":87}},"25":{"start":{"line":26,"column":0},"end":{"line":26,"column":5}},"26":{"start":{"line":27,"column":0},"end":{"line":27,"column":16}},"27":{"start":{"line":28,"column":0},"end":{"line":28,"column":13}},"28":{"start":{"line":29,"column":0},"end":{"line":29,"column":4}},"29":{"start":{"line":30,"column":0},"end":{"line":30,"column":2}},"30":{"start":{"line":31,"column":0},"end":{"line":31,"column":34}}},"s":{"0":1,"1":1,"2":1,"3":1015,"4":1015,"5":1015,"6":1015,"7":159,"8":159,"9":1,"10":159,"11":0,"12":159,"13":159,"14":158,"15":159,"16":1015,"17":1015,"18":1015,"19":1015,"20":1015,"21":1015,"22":1015,"23":1015,"24":1015,"25":1015,"26":1015,"27":1015,"28":1015,"29":1015,"30":1},"branchMap":{"0":{"type":"branch","line":3,"loc":{"start":{"line":3,"column":15},"end":{"line":30,"column":2}},"locations":[{"start":{"line":3,"column":15},"end":{"line":30,"column":2}}]},"1":{"type":"branch","line":25,"loc":{"start":{"line":25,"column":37},"end":{"line":25,"column":82}},"locations":[{"start":{"line":25,"column":37},"end":{"line":25,"column":82}}]},"2":{"type":"branch","line":25,"loc":{"start":{"line":25,"column":48},"end":{"line":25,"column":84}},"locations":[{"start":{"line":25,"column":48},"end":{"line":25,"column":84}}]},"3":{"type":"branch","line":7,"loc":{"start":{"line":7,"column":32},"end":{"line":17,"column":5}},"locations":[{"start":{"line":7,"column":32},"end":{"line":17,"column":5}}]},"4":{"type":"branch","line":9,"loc":{"start":{"line":9,"column":6},"end":{"line":10,"column":76}},"locations":[{"start":{"line":9,"column":6},"end":{"line":10,"column":76}}]},"5":{"type":"branch","line":11,"loc":{"start":{"line":11,"column":6},"end":{"line":12,"column":71}},"locations":[{"start":{"line":11,"column":6},"end":{"line":12,"column":71}}]},"6":{"type":"branch","line":13,"loc":{"start":{"line":13,"column":6},"end":{"line":13,"column":21}},"locations":[{"start":{"line":13,"column":6},"end":{"line":13,"column":21}}]},"7":{"type":"branch","line":14,"loc":{"start":{"line":14,"column":6},"end":{"line":15,"column":73}},"locations":[{"start":{"line":14,"column":6},"end":{"line":15,"column":73}}]}},"b":{"0":[1015],"1":[118],"2":[897],"3":[159],"4":[1],"5":[0],"6":[158],"7":[158]},"fnMap":{"0":{"name":"Button","decl":{"start":{"line":3,"column":15},"end":{"line":30,"column":2}},"loc":{"start":{"line":3,"column":15},"end":{"line":30,"column":2}},"line":3}},"f":{"0":1015}}
,"C:\\Users\\pipeq\\Desktop\\Proyecto-SmartLogix-React\\src\\shared\\components\\Card.jsx": {"path":"C:\\Users\\pipeq\\Desktop\\Proyecto-SmartLogix-React\\src\\shared\\components\\Card.jsx","all":false,"statementMap":{"0":{"start":{"line":1,"column":0},"end":{"line":1,"column":26}},"1":{"start":{"line":2,"column":0},"end":{"line":2,"column":0}},"2":{"start":{"line":3,"column":0},"end":{"line":3,"column":55}},"3":{"start":{"line":4,"column":0},"end":{"line":4,"column":10}},"4":{"start":{"line":5,"column":0},"end":{"line":5,"column":90}},"5":{"start":{"line":6,"column":0},"end":{"line":6,"column":17}},"6":{"start":{"line":7,"column":0},"end":{"line":7,"column":92}},"7":{"start":{"line":8,"column":0},"end":{"line":8,"column":17}},"8":{"start":{"line":9,"column":0},"end":{"line":9,"column":13}},"9":{"start":{"line":10,"column":0},"end":{"line":10,"column":8}},"10":{"start":{"line":11,"column":0},"end":{"line":11,"column":47}},"11":{"start":{"line":12,"column":0},"end":{"line":12,"column":18}},"12":{"start":{"line":13,"column":0},"end":{"line":13,"column":12}},"13":{"start":{"line":14,"column":0},"end":{"line":14,"column":10}},"14":{"start":{"line":15,"column":0},"end":{"line":15,"column":4}},"15":{"start":{"line":16,"column":0},"end":{"line":16,"column":2}},"16":{"start":{"line":17,"column":0},"end":{"line":17,"column":0}},"17":{"start":{"line":18,"column":0},"end":{"line":18,"column":32}}},"s":{"0":1,"1":1,"2":1,"3":2334,"4":2334,"5":2334,"6":1675,"7":1675,"8":1675,"9":2334,"10":2334,"11":2334,"12":2334,"13":2334,"14":2334,"15":2334,"16":1,"17":1},"branchMap":{"0":{"type":"branch","line":3,"loc":{"start":{"line":3,"column":13},"end":{"line":16,"column":2}},"locations":[{"start":{"line":3,"column":13},"end":{"line":16,"column":2}}]},"1":{"type":"branch","line":6,"loc":{"start":{"line":6,"column":7},"end":{"line":9,"column":13}},"locations":[{"start":{"line":6,"column":7},"end":{"line":9,"column":13}}]}},"b":{"0":[2334],"1":[1675]},"fnMap":{"0":{"name":"Card","decl":{"start":{"line":3,"column":13},"end":{"line":16,"column":2}},"loc":{"start":{"line":3,"column":13},"end":{"line":16,"column":2}},"line":3}},"f":{"0":2334}}
,"C:\\Users\\pipeq\\Desktop\\Proyecto-SmartLogix-React\\src\\shared\\layouts\\DashboardLayout.jsx": {"path":"C:\\Users\\pipeq\\Desktop\\Proyecto-SmartLogix-React\\src\\shared\\layouts\\DashboardLayout.jsx","all":false,"statementMap":{"0":{"start":{"line":1,"column":0},"end":{"line":1,"column":26}},"1":{"start":{"line":2,"column":0},"end":{"line":2,"column":0}},"2":{"start":{"line":3,"column":0},"end":{"line":3,"column":78}},"3":{"start":{"line":4,"column":0},"end":{"line":4,"column":21}},"4":{"start":{"line":5,"column":0},"end":{"line":5,"column":45}},"5":{"start":{"line":6,"column":0},"end":{"line":6,"column":39}},"6":{"start":{"line":7,"column":0},"end":{"line":7,"column":85}},"7":{"start":{"line":8,"column":0},"end":{"line":8,"column":42}},"8":{"start":{"line":9,"column":0},"end":{"line":9,"column":4}},"9":{"start":{"line":10,"column":0},"end":{"line":10,"column":0}},"10":{"start":{"line":11,"column":0},"end":{"line":11,"column":10}},"11":{"start":{"line":12,"column":0},"end":{"line":12,"column":46}},"12":{"start":{"line":13,"column":0},"end":{"line":13,"column":29}},"13":{"start":{"line":14,"column":0},"end":{"line":14,"column":68}},"14":{"start":{"line":15,"column":0},"end":{"line":15,"column":55}},"15":{"start":{"line":16,"column":0},"end":{"line":16,"column":72}},"16":{"start":{"line":17,"column":0},"end":{"line":17,"column":22}},"17":{"start":{"line":18,"column":0},"end":{"line":18,"column":15}},"18":{"start":{"line":19,"column":0},"end":{"line":19,"column":87}},"19":{"start":{"line":20,"column":0},"end":{"line":20,"column":14}},"20":{"start":{"line":21,"column":0},"end":{"line":21,"column":8}},"21":{"start":{"line":22,"column":0},"end":{"line":22,"column":46}},"22":{"start":{"line":23,"column":0},"end":{"line":23,"column":36}},"23":{"start":{"line":24,"column":0},"end":{"line":24,"column":19}},"24":{"start":{"line":25,"column":0},"end":{"line":25,"column":27}},"25":{"start":{"line":26,"column":0},"end":{"line":26,"column":49}},"26":{"start":{"line":27,"column":0},"end":{"line":27,"column":94}},"27":{"start":{"line":28,"column":0},"end":{"line":28,"column":40}},"28":{"start":{"line":29,"column":0},"end":{"line":29,"column":57}},"29":{"start":{"line":30,"column":0},"end":{"line":30,"column":72}},"30":{"start":{"line":31,"column":0},"end":{"line":31,"column":17}},"31":{"start":{"line":32,"column":0},"end":{"line":32,"column":13}},"32":{"start":{"line":33,"column":0},"end":{"line":33,"column":26}},"33":{"start":{"line":34,"column":0},"end":{"line":34,"column":21}},"34":{"start":{"line":35,"column":0},"end":{"line":35,"column":13}},"35":{"start":{"line":36,"column":0},"end":{"line":36,"column":14}},"36":{"start":{"line":37,"column":0},"end":{"line":37,"column":14}},"37":{"start":{"line":38,"column":0},"end":{"line":38,"column":0}},"38":{"start":{"line":39,"column":0},"end":{"line":39,"column":41}},"39":{"start":{"line":40,"column":0},"end":{"line":40,"column":61}},"40":{"start":{"line":41,"column":0},"end":{"line":41,"column":76}},"41":{"start":{"line":42,"column":0},"end":{"line":42,"column":73}},"42":{"start":{"line":43,"column":0},"end":{"line":43,"column":40}},"43":{"start":{"line":44,"column":0},"end":{"line":44,"column":15}},"44":{"start":{"line":45,"column":0},"end":{"line":45,"column":17}},"45":{"start":{"line":46,"column":0},"end":{"line":46,"column":8}},"46":{"start":{"line":47,"column":0},"end":{"line":47,"column":50}},"47":{"start":{"line":48,"column":0},"end":{"line":48,"column":20}},"48":{"start":{"line":49,"column":0},"end":{"line":49,"column":14}},"49":{"start":{"line":50,"column":0},"end":{"line":50,"column":13}},"50":{"start":{"line":51,"column":0},"end":{"line":51,"column":10}},"51":{"start":{"line":52,"column":0},"end":{"line":52,"column":4}},"52":{"start":{"line":53,"column":0},"end":{"line":53,"column":2}},"53":{"start":{"line":54,"column":0},"end":{"line":54,"column":0}},"54":{"start":{"line":55,"column":0},"end":{"line":55,"column":0}},"55":{"start":{"line":56,"column":0},"end":{"line":56,"column":43}}},"s":{"0":1,"1":1,"2":1,"3":19,"4":19,"5":19,"6":19,"7":19,"8":19,"9":19,"10":19,"11":19,"12":19,"13":19,"14":19,"15":19,"16":19,"17":19,"18":19,"19":19,"20":19,"21":19,"22":19,"23":63,"24":63,"25":63,"26":63,"27":63,"28":19,"29":44,"30":63,"31":63,"32":63,"33":63,"34":19,"35":19,"36":19,"37":19,"38":19,"39":19,"40":19,"41":19,"42":19,"43":19,"44":19,"45":19,"46":19,"47":19,"48":19,"49":19,"50":19,"51":19,"52":19,"53":1,"54":1,"55":1},"branchMap":{"0":{"type":"branch","line":3,"loc":{"start":{"line":3,"column":24},"end":{"line":53,"column":2}},"locations":[{"start":{"line":3,"column":24},"end":{"line":53,"column":2}}]},"1":{"type":"branch","line":7,"loc":{"start":{"line":7,"column":21},"end":{"line":7,"column":81}},"locations":[{"start":{"line":7,"column":21},"end":{"line":7,"column":81}}]},"2":{"type":"branch","line":7,"loc":{"start":{"line":7,"column":77},"end":{"line":7,"column":85}},"locations":[{"start":{"line":7,"column":77},"end":{"line":7,"column":85}}]},"3":{"type":"branch","line":23,"loc":{"start":{"line":23,"column":25},"end":{"line":34,"column":21}},"locations":[{"start":{"line":23,"column":25},"end":{"line":34,"column":21}}]},"4":{"type":"branch","line":28,"loc":{"start":{"line":28,"column":37},"end":{"line":29,"column":57}},"locations":[{"start":{"line":28,"column":37},"end":{"line":29,"column":57}}]},"5":{"type":"branch","line":29,"loc":{"start":{"line":29,"column":20},"end":{"line":30,"column":72}},"locations":[{"start":{"line":29,"column":20},"end":{"line":30,"column":72}}]},"6":{"type":"branch","line":26,"loc":{"start":{"line":26,"column":23},"end":{"line":26,"column":49}},"locations":[{"start":{"line":26,"column":23},"end":{"line":26,"column":49}}]}},"b":{"0":[19],"1":[6],"2":[13],"3":[63],"4":[19],"5":[44],"6":[6]},"fnMap":{"0":{"name":"DashboardLayout","decl":{"start":{"line":3,"column":24},"end":{"line":53,"column":2}},"loc":{"start":{"line":3,"column":24},"end":{"line":53,"column":2}},"line":3},"1":{"name":"onClick","decl":{"start":{"line":26,"column":23},"end":{"line":26,"column":49}},"loc":{"start":{"line":26,"column":23},"end":{"line":26,"column":49}},"line":26}},"f":{"0":19,"1":6}}
}
